2024-10-29 - 17:02:01 INFO: 
-----    (<Response [200 OK]>, 'https://catalog.wb.ru/catalog/pants/v2/catalog?ab_testing=false&appType=1&cat=8127&curr=rub&dest=-5817685&sort=popular&spp=30&priceU=700000;750000&page=1')---

2024-10-29 - 17:02:01 INFO: 
-----------1---True---https://catalog.wb.ru/catalog/pants/v2/catalog?ab_testing=false&appType=1&cat=8127&curr=rub&dest=-5817685&sort=popular&spp=30&priceU=700000;750000&page=1-------

2024-10-29 - 17:02:01 INFO: 
-----    (<Response [200 OK]>, 'https://catalog.wb.ru/catalog/pants/v2/catalog?ab_testing=false&appType=1&cat=8127&curr=rub&dest=-5817685&sort=popular&spp=30&priceU=50000;100000&page=1')---

2024-10-29 - 17:02:01 INFO: 
-----------1---True---https://catalog.wb.ru/catalog/pants/v2/catalog?ab_testing=false&appType=1&cat=8127&curr=rub&dest=-5817685&sort=popular&spp=30&priceU=50000;100000&page=1-------

2024-10-29 - 17:02:01 INFO: 
-----    (<Response [200 OK]>, 'https://catalog.wb.ru/catalog/pants/v2/catalog?ab_testing=false&appType=1&cat=8127&curr=rub&dest=-5817685&sort=popular&spp=30&priceU=200000;250000&page=1')---

2024-10-29 - 17:02:01 INFO: 
-----------1---True---https://catalog.wb.ru/catalog/pants/v2/catalog?ab_testing=false&appType=1&cat=8127&curr=rub&dest=-5817685&sort=popular&spp=30&priceU=200000;250000&page=1-------

2024-10-29 - 17:02:01 INFO: 
-----    (<Response [200 OK]>, 'https://catalog.wb.ru/catalog/pants/v2/catalog?ab_testing=false&appType=1&cat=8127&curr=rub&dest=-5817685&sort=popular&spp=30&priceU=250000;300000&page=1')---

2024-10-29 - 17:02:01 INFO: 
-----------1---True---https://catalog.wb.ru/catalog/pants/v2/catalog?ab_testing=false&appType=1&cat=8127&curr=rub&dest=-5817685&sort=popular&spp=30&priceU=250000;300000&page=1-------

2024-10-29 - 17:02:01 INFO: 
-----    (<Response [200 OK]>, 'https://catalog.wb.ru/catalog/pants/v2/catalog?ab_testing=false&appType=1&cat=8127&curr=rub&dest=-5817685&sort=popular&spp=30&priceU=350000;400000&page=1')---

2024-10-29 - 17:02:01 INFO: 
-----------1---True---https://catalog.wb.ru/catalog/pants/v2/catalog?ab_testing=false&appType=1&cat=8127&curr=rub&dest=-5817685&sort=popular&spp=30&priceU=350000;400000&page=1-------

2024-10-29 - 17:02:01 INFO: 
-----    (<Response [200 OK]>, 'https://catalog.wb.ru/catalog/pants/v2/catalog?ab_testing=false&appType=1&cat=8127&curr=rub&dest=-5817685&sort=popular&spp=30&priceU=750000;800000&page=1')---

2024-10-29 - 17:02:01 INFO: 
-----------1---True---https://catalog.wb.ru/catalog/pants/v2/catalog?ab_testing=false&appType=1&cat=8127&curr=rub&dest=-5817685&sort=popular&spp=30&priceU=750000;800000&page=1-------

2024-10-29 - 17:02:01 INFO: 
-----    (<Response [200 OK]>, 'https://catalog.wb.ru/catalog/pants/v2/catalog?ab_testing=false&appType=1&cat=8127&curr=rub&dest=-5817685&sort=popular&spp=30&priceU=450000;500000&page=1')---

2024-10-29 - 17:02:01 INFO: 
-----------1---True---https://catalog.wb.ru/catalog/pants/v2/catalog?ab_testing=false&appType=1&cat=8127&curr=rub&dest=-5817685&sort=popular&spp=30&priceU=450000;500000&page=1-------

2024-10-29 - 17:02:01 INFO: 
-----    (<Response [200 OK]>, 'https://catalog.wb.ru/catalog/pants/v2/catalog?ab_testing=false&appType=1&cat=8127&curr=rub&dest=-5817685&sort=popular&spp=30&priceU=1750000;1800000&page=1')---

2024-10-29 - 17:02:01 INFO: 
-----------1---True---https://catalog.wb.ru/catalog/pants/v2/catalog?ab_testing=false&appType=1&cat=8127&curr=rub&dest=-5817685&sort=popular&spp=30&priceU=1750000;1800000&page=1-------

2024-10-29 - 17:02:01 INFO: 
-----    (<Response [200 OK]>, 'https://catalog.wb.ru/catalog/pants/v2/catalog?ab_testing=false&appType=1&cat=8127&curr=rub&dest=-5817685&sort=popular&spp=30&priceU=2200000;2250000&page=1')---

2024-10-29 - 17:02:01 INFO: 
-----------1---True---https://catalog.wb.ru/catalog/pants/v2/catalog?ab_testing=false&appType=1&cat=8127&curr=rub&dest=-5817685&sort=popular&spp=30&priceU=2200000;2250000&page=1-------

2024-10-29 - 17:02:01 INFO: 
-----    (<Response [200 OK]>, 'https://catalog.wb.ru/catalog/pants/v2/catalog?ab_testing=false&appType=1&cat=8127&curr=rub&dest=-5817685&sort=popular&spp=30&priceU=2250000;2300000&page=1')---

2024-10-29 - 17:02:01 INFO: 
-----------1---True---https://catalog.wb.ru/catalog/pants/v2/catalog?ab_testing=false&appType=1&cat=8127&curr=rub&dest=-5817685&sort=popular&spp=30&priceU=2250000;2300000&page=1-------

2024-10-29 - 17:02:01 INFO: 
-----    (<Response [200 OK]>, 'https://catalog.wb.ru/catalog/pants/v2/catalog?ab_testing=false&appType=1&cat=8127&curr=rub&dest=-5817685&sort=popular&spp=30&priceU=2450000;2500000&page=1')---

2024-10-29 - 17:02:01 INFO: 
-----------1---True---https://catalog.wb.ru/catalog/pants/v2/catalog?ab_testing=false&appType=1&cat=8127&curr=rub&dest=-5817685&sort=popular&spp=30&priceU=2450000;2500000&page=1-------

2024-10-29 - 17:02:01 INFO: 
-----    (<Response [200 OK]>, 'https://catalog.wb.ru/catalog/pants/v2/catalog?ab_testing=false&appType=1&cat=8127&curr=rub&dest=-5817685&sort=popular&spp=30&priceU=2700000;2750000&page=1')---

2024-10-29 - 17:02:01 INFO: 
-----------1---True---https://catalog.wb.ru/catalog/pants/v2/catalog?ab_testing=false&appType=1&cat=8127&curr=rub&dest=-5817685&sort=popular&spp=30&priceU=2700000;2750000&page=1-------

2024-10-29 - 17:02:01 INFO: 
-----    (<Response [200 OK]>, 'https://catalog.wb.ru/catalog/pants/v2/catalog?ab_testing=false&appType=1&cat=8127&curr=rub&dest=-5817685&sort=popular&spp=30&priceU=800000;850000&page=1')---

2024-10-29 - 17:02:01 INFO: 
-----------1---True---https://catalog.wb.ru/catalog/pants/v2/catalog?ab_testing=false&appType=1&cat=8127&curr=rub&dest=-5817685&sort=popular&spp=30&priceU=800000;850000&page=1-------

2024-10-29 - 17:02:01 INFO: 
-----    (<Response [200 OK]>, 'https://catalog.wb.ru/catalog/pants/v2/catalog?ab_testing=false&appType=1&cat=8127&curr=rub&dest=-5817685&sort=popular&spp=30&priceU=3450000;3500000&page=1')---

2024-10-29 - 17:02:01 INFO: 
-----------1---False---https://catalog.wb.ru/catalog/pants/v2/catalog?ab_testing=false&appType=1&cat=8127&curr=rub&dest=-5817685&sort=popular&spp=30&priceU=3450000;3500000&page=1-------

2024-10-29 - 17:02:01 INFO: 
-----    (<Response [200 OK]>, 'https://catalog.wb.ru/catalog/pants/v2/catalog?ab_testing=false&appType=1&cat=8127&curr=rub&dest=-5817685&sort=popular&spp=30&priceU=3650000;3700000&page=1')---

2024-10-29 - 17:02:02 INFO: 
-----------1---False---https://catalog.wb.ru/catalog/pants/v2/catalog?ab_testing=false&appType=1&cat=8127&curr=rub&dest=-5817685&sort=popular&spp=30&priceU=3650000;3700000&page=1-------

2024-10-29 - 17:02:02 INFO: 
-----    (<Response [200 OK]>, 'https://catalog.wb.ru/catalog/pants/v2/catalog?ab_testing=false&appType=1&cat=8127&curr=rub&dest=-5817685&sort=popular&spp=30&priceU=3700000;3750000&page=1')---

2024-10-29 - 17:02:02 INFO: 
-----------1---False---https://catalog.wb.ru/catalog/pants/v2/catalog?ab_testing=false&appType=1&cat=8127&curr=rub&dest=-5817685&sort=popular&spp=30&priceU=3700000;3750000&page=1-------

2024-10-29 - 17:02:02 INFO: 
-----    (<Response [200 OK]>, 'https://catalog.wb.ru/catalog/pants/v2/catalog?ab_testing=false&appType=1&cat=8127&curr=rub&dest=-5817685&sort=popular&spp=30&priceU=3750000;3800000&page=1')---

2024-10-29 - 17:02:02 INFO: 
-----------1---True---https://catalog.wb.ru/catalog/pants/v2/catalog?ab_testing=false&appType=1&cat=8127&curr=rub&dest=-5817685&sort=popular&spp=30&priceU=3750000;3800000&page=1-------

2024-10-29 - 17:02:02 INFO: 
-----    (<Response [200 OK]>, 'https://catalog.wb.ru/catalog/pants/v2/catalog?ab_testing=false&appType=1&cat=8127&curr=rub&dest=-5817685&sort=popular&spp=30&priceU=4050000;4100000&page=1')---

2024-10-29 - 17:02:02 INFO: 
-----------1---True---https://catalog.wb.ru/catalog/pants/v2/catalog?ab_testing=false&appType=1&cat=8127&curr=rub&dest=-5817685&sort=popular&spp=30&priceU=4050000;4100000&page=1-------

2024-10-29 - 17:02:02 INFO: 
-----    (<Response [200 OK]>, 'https://catalog.wb.ru/catalog/pants/v2/catalog?ab_testing=false&appType=1&cat=8127&curr=rub&dest=-5817685&sort=popular&spp=30&priceU=4150000;4200000&page=1')---

2024-10-29 - 17:02:02 INFO: 
-----------1---False---https://catalog.wb.ru/catalog/pants/v2/catalog?ab_testing=false&appType=1&cat=8127&curr=rub&dest=-5817685&sort=popular&spp=30&priceU=4150000;4200000&page=1-------

2024-10-29 - 17:02:02 INFO: 
-----    (<Response [200 OK]>, 'https://catalog.wb.ru/catalog/pants/v2/catalog?ab_testing=false&appType=1&cat=8127&curr=rub&dest=-5817685&sort=popular&spp=30&priceU=4250000;4300000&page=1')---

2024-10-29 - 17:02:02 INFO: 
-----------1---False---https://catalog.wb.ru/catalog/pants/v2/catalog?ab_testing=false&appType=1&cat=8127&curr=rub&dest=-5817685&sort=popular&spp=30&priceU=4250000;4300000&page=1-------

2024-10-29 - 17:02:02 INFO: 
-----    (<Response [200 OK]>, 'https://catalog.wb.ru/catalog/pants/v2/catalog?ab_testing=false&appType=1&cat=8127&curr=rub&dest=-5817685&sort=popular&spp=30&priceU=4350000;4400000&page=1')---

2024-10-29 - 17:02:02 INFO: 
-----------1---True---https://catalog.wb.ru/catalog/pants/v2/catalog?ab_testing=false&appType=1&cat=8127&curr=rub&dest=-5817685&sort=popular&spp=30&priceU=4350000;4400000&page=1-------

2024-10-29 - 17:02:02 INFO: 
-----    (<Response [200 OK]>, 'https://catalog.wb.ru/catalog/pants/v2/catalog?ab_testing=false&appType=1&cat=8127&curr=rub&dest=-5817685&sort=popular&spp=30&priceU=4700000;4750000&page=1')---

2024-10-29 - 17:02:02 INFO: 
-----------1---True---https://catalog.wb.ru/catalog/pants/v2/catalog?ab_testing=false&appType=1&cat=8127&curr=rub&dest=-5817685&sort=popular&spp=30&priceU=4700000;4750000&page=1-------

2024-10-29 - 17:02:02 INFO: 
-----    (<Response [200 OK]>, 'https://catalog.wb.ru/catalog/pants/v2/catalog?ab_testing=false&appType=1&cat=8127&curr=rub&dest=-5817685&sort=popular&spp=30&priceU=1850000;1900000&page=1')---

2024-10-29 - 17:02:02 INFO: 
-----------1---True---https://catalog.wb.ru/catalog/pants/v2/catalog?ab_testing=false&appType=1&cat=8127&curr=rub&dest=-5817685&sort=popular&spp=30&priceU=1850000;1900000&page=1-------

2024-10-29 - 17:02:02 INFO: 
-----    (<Response [200 OK]>, 'https://catalog.wb.ru/catalog/pants/v2/catalog?ab_testing=false&appType=1&cat=8127&curr=rub&dest=-5817685&sort=popular&spp=30&priceU=4900000;4950000&page=1')---

2024-10-29 - 17:02:02 INFO: 
-----------1---False---https://catalog.wb.ru/catalog/pants/v2/catalog?ab_testing=false&appType=1&cat=8127&curr=rub&dest=-5817685&sort=popular&spp=30&priceU=4900000;4950000&page=1-------

2024-10-29 - 17:02:02 INFO: 
-----    (<Response [200 OK]>, 'https://catalog.wb.ru/catalog/pants/v2/catalog?ab_testing=false&appType=1&cat=8127&curr=rub&dest=-5817685&sort=popular&spp=30&priceU=2300000;2350000&page=1')---

2024-10-29 - 17:02:02 INFO: 
-----------1---True---https://catalog.wb.ru/catalog/pants/v2/catalog?ab_testing=false&appType=1&cat=8127&curr=rub&dest=-5817685&sort=popular&spp=30&priceU=2300000;2350000&page=1-------

2024-10-29 - 17:02:02 INFO: 
-----    (<Response [200 OK]>, 'https://catalog.wb.ru/catalog/pants/v2/catalog?ab_testing=false&appType=1&cat=8127&curr=rub&dest=-5817685&sort=popular&spp=30&priceU=2350000;2400000&page=1')---

2024-10-29 - 17:02:02 INFO: 
-----------1---True---https://catalog.wb.ru/catalog/pants/v2/catalog?ab_testing=false&appType=1&cat=8127&curr=rub&dest=-5817685&sort=popular&spp=30&priceU=2350000;2400000&page=1-------

2024-10-29 - 17:02:02 INFO: 
-----    (<Response [200 OK]>, 'https://catalog.wb.ru/catalog/pants/v2/catalog?ab_testing=false&appType=1&cat=8127&curr=rub&dest=-5817685&sort=popular&spp=30&priceU=2500000;2550000&page=1')---

2024-10-29 - 17:02:02 INFO: 
-----------1---True---https://catalog.wb.ru/catalog/pants/v2/catalog?ab_testing=false&appType=1&cat=8127&curr=rub&dest=-5817685&sort=popular&spp=30&priceU=2500000;2550000&page=1-------

2024-10-29 - 17:02:02 INFO: 
-----    (<Response [200 OK]>, 'https://catalog.wb.ru/catalog/pants/v2/catalog?ab_testing=false&appType=1&cat=8127&curr=rub&dest=-5817685&sort=popular&spp=30&priceU=2750000;2800000&page=1')---

2024-10-29 - 17:02:02 INFO: 
-----------1---True---https://catalog.wb.ru/catalog/pants/v2/catalog?ab_testing=false&appType=1&cat=8127&curr=rub&dest=-5817685&sort=popular&spp=30&priceU=2750000;2800000&page=1-------

2024-10-29 - 17:02:02 INFO: 
-----    (<Response [200 OK]>, 'https://catalog.wb.ru/catalog/pants/v2/catalog?ab_testing=false&appType=1&cat=8127&curr=rub&dest=-5817685&sort=popular&spp=30&priceU=2800000;2850000&page=1')---

2024-10-29 - 17:02:02 INFO: 
-----------1---True---https://catalog.wb.ru/catalog/pants/v2/catalog?ab_testing=false&appType=1&cat=8127&curr=rub&dest=-5817685&sort=popular&spp=30&priceU=2800000;2850000&page=1-------

2024-10-29 - 17:02:02 INFO: 
-----    (<Response [200 OK]>, 'https://catalog.wb.ru/catalog/pants/v2/catalog?ab_testing=false&appType=1&cat=8127&curr=rub&dest=-5817685&sort=popular&spp=30&priceU=2850000;2900000&page=1')---

2024-10-29 - 17:02:02 INFO: 
-----------1---True---https://catalog.wb.ru/catalog/pants/v2/catalog?ab_testing=false&appType=1&cat=8127&curr=rub&dest=-5817685&sort=popular&spp=30&priceU=2850000;2900000&page=1-------

2024-10-29 - 17:02:02 INFO: 
-----    (<Response [200 OK]>, 'https://catalog.wb.ru/catalog/pants/v2/catalog?ab_testing=false&appType=1&cat=8127&curr=rub&dest=-5817685&sort=popular&spp=30&priceU=1950000;2000000&page=1')---

2024-10-29 - 17:02:02 INFO: 
-----------1---True---https://catalog.wb.ru/catalog/pants/v2/catalog?ab_testing=false&appType=1&cat=8127&curr=rub&dest=-5817685&sort=popular&spp=30&priceU=1950000;2000000&page=1-------

2024-10-29 - 17:02:02 INFO: 
-----    (<Response [200 OK]>, 'https://catalog.wb.ru/catalog/pants/v2/catalog?ab_testing=false&appType=1&cat=8127&curr=rub&dest=-5817685&sort=popular&spp=30&priceU=2950000;3000000&page=1')---

2024-10-29 - 17:02:02 INFO: 
-----------1---True---https://catalog.wb.ru/catalog/pants/v2/catalog?ab_testing=false&appType=1&cat=8127&curr=rub&dest=-5817685&sort=popular&spp=30&priceU=2950000;3000000&page=1-------

2024-10-29 - 17:02:02 INFO: 
-----    (<Response [200 OK]>, 'https://catalog.wb.ru/catalog/pants/v2/catalog?ab_testing=false&appType=1&cat=8127&curr=rub&dest=-5817685&sort=popular&spp=30&priceU=3100000;3150000&page=1')---

2024-10-29 - 17:02:02 INFO: 
-----------1---True---https://catalog.wb.ru/catalog/pants/v2/catalog?ab_testing=false&appType=1&cat=8127&curr=rub&dest=-5817685&sort=popular&spp=30&priceU=3100000;3150000&page=1-------

2024-10-29 - 17:02:02 INFO: 
-----    (<Response [200 OK]>, 'https://catalog.wb.ru/catalog/pants/v2/catalog?ab_testing=false&appType=1&cat=8127&curr=rub&dest=-5817685&sort=popular&spp=30&priceU=3300000;3350000&page=1')---

2024-10-29 - 17:02:02 INFO: 
-----------1---True---https://catalog.wb.ru/catalog/pants/v2/catalog?ab_testing=false&appType=1&cat=8127&curr=rub&dest=-5817685&sort=popular&spp=30&priceU=3300000;3350000&page=1-------

2024-10-29 - 17:02:02 INFO: 
-----    (<Response [200 OK]>, 'https://catalog.wb.ru/catalog/pants/v2/catalog?ab_testing=false&appType=1&cat=8127&curr=rub&dest=-5817685&sort=popular&spp=30&priceU=3350000;3400000&page=1')---

2024-10-29 - 17:02:02 INFO: 
-----------1---True---https://catalog.wb.ru/catalog/pants/v2/catalog?ab_testing=false&appType=1&cat=8127&curr=rub&dest=-5817685&sort=popular&spp=30&priceU=3350000;3400000&page=1-------

2024-10-29 - 17:02:02 INFO: 
-----    (<Response [200 OK]>, 'https://catalog.wb.ru/catalog/pants/v2/catalog?ab_testing=false&appType=1&cat=8127&curr=rub&dest=-5817685&sort=popular&spp=30&priceU=3400000;3450000&page=1')---

2024-10-29 - 17:02:02 INFO: 
-----------1---True---https://catalog.wb.ru/catalog/pants/v2/catalog?ab_testing=false&appType=1&cat=8127&curr=rub&dest=-5817685&sort=popular&spp=30&priceU=3400000;3450000&page=1-------

2024-10-29 - 17:02:02 INFO: 
-----    (<Response [200 OK]>, 'https://catalog.wb.ru/catalog/pants/v2/catalog?ab_testing=false&appType=1&cat=8127&curr=rub&dest=-5817685&sort=popular&spp=30&priceU=1900000;1950000&page=1')---

2024-10-29 - 17:02:02 INFO: 
-----------1---True---https://catalog.wb.ru/catalog/pants/v2/catalog?ab_testing=false&appType=1&cat=8127&curr=rub&dest=-5817685&sort=popular&spp=30&priceU=1900000;1950000&page=1-------

2024-10-29 - 17:02:02 INFO: 
-----    (<Response [200 OK]>, 'https://catalog.wb.ru/catalog/pants/v2/catalog?ab_testing=false&appType=1&cat=8127&curr=rub&dest=-5817685&sort=popular&spp=30&priceU=2150000;2200000&page=1')---

2024-10-29 - 17:02:02 INFO: 
-----------1---True---https://catalog.wb.ru/catalog/pants/v2/catalog?ab_testing=false&appType=1&cat=8127&curr=rub&dest=-5817685&sort=popular&spp=30&priceU=2150000;2200000&page=1-------

2024-10-29 - 17:02:02 INFO: 
-----    (<Response [200 OK]>, 'https://catalog.wb.ru/catalog/pants/v2/catalog?ab_testing=false&appType=1&cat=8127&curr=rub&dest=-5817685&sort=popular&spp=30&priceU=4600000;4650000&page=1')---

2024-10-29 - 17:02:02 INFO: 
-----------1---True---https://catalog.wb.ru/catalog/pants/v2/catalog?ab_testing=false&appType=1&cat=8127&curr=rub&dest=-5817685&sort=popular&spp=30&priceU=4600000;4650000&page=1-------

2024-10-29 - 17:02:02 INFO: 
-----    (<Response [200 OK]>, 'https://catalog.wb.ru/catalog/pants/v2/catalog?ab_testing=false&appType=1&cat=8127&curr=rub&dest=-5817685&sort=popular&spp=30&priceU=4650000;4700000&page=1')---

2024-10-29 - 17:02:02 INFO: 
-----------1---True---https://catalog.wb.ru/catalog/pants/v2/catalog?ab_testing=false&appType=1&cat=8127&curr=rub&dest=-5817685&sort=popular&spp=30&priceU=4650000;4700000&page=1-------

2024-10-29 - 17:02:02 INFO: 
-----    (<Response [200 OK]>, 'https://catalog.wb.ru/catalog/pants/v2/catalog?ab_testing=false&appType=1&cat=8127&curr=rub&dest=-5817685&sort=popular&spp=30&priceU=4850000;4900000&page=1')---

2024-10-29 - 17:02:02 INFO: 
-----------1---False---https://catalog.wb.ru/catalog/pants/v2/catalog?ab_testing=false&appType=1&cat=8127&curr=rub&dest=-5817685&sort=popular&spp=30&priceU=4850000;4900000&page=1-------

2024-10-29 - 17:02:02 INFO: 
-----    (<Response [200 OK]>, 'https://catalog.wb.ru/catalog/pants/v2/catalog?ab_testing=false&appType=1&cat=8127&curr=rub&dest=-5817685&sort=popular&spp=30&priceU=1450000;1500000&page=1')---

2024-10-29 - 17:02:02 INFO: 
-----------1---True---https://catalog.wb.ru/catalog/pants/v2/catalog?ab_testing=false&appType=1&cat=8127&curr=rub&dest=-5817685&sort=popular&spp=30&priceU=1450000;1500000&page=1-------

2024-10-29 - 17:02:02 INFO: 
-----    (<Response [200 OK]>, 'https://catalog.wb.ru/catalog/pants/v2/catalog?ab_testing=false&appType=1&cat=8127&curr=rub&dest=-5817685&sort=popular&spp=30&priceU=5000000;5050000&page=1')---

2024-10-29 - 17:02:02 INFO: 
-----------1---False---https://catalog.wb.ru/catalog/pants/v2/catalog?ab_testing=false&appType=1&cat=8127&curr=rub&dest=-5817685&sort=popular&spp=30&priceU=5000000;5050000&page=1-------

2024-10-29 - 17:02:02 INFO: 
-----    (<Response [200 OK]>, 'https://catalog.wb.ru/catalog/pants/v2/catalog?ab_testing=false&appType=1&cat=8127&curr=rub&dest=-5817685&sort=popular&spp=30&priceU=1200000;1250000&page=1')---

2024-10-29 - 17:02:02 INFO: 
-----------1---True---https://catalog.wb.ru/catalog/pants/v2/catalog?ab_testing=false&appType=1&cat=8127&curr=rub&dest=-5817685&sort=popular&spp=30&priceU=1200000;1250000&page=1-------

2024-10-29 - 17:02:02 INFO: 
-----    (<Response [200 OK]>, 'https://catalog.wb.ru/catalog/pants/v2/catalog?ab_testing=false&appType=1&cat=8127&curr=rub&dest=-5817685&sort=popular&spp=30&priceU=2000000;2050000&page=1')---

2024-10-29 - 17:02:02 INFO: 
-----------1---True---https://catalog.wb.ru/catalog/pants/v2/catalog?ab_testing=false&appType=1&cat=8127&curr=rub&dest=-5817685&sort=popular&spp=30&priceU=2000000;2050000&page=1-------

2024-10-29 - 17:02:02 INFO: 
-----    (<Response [200 OK]>, 'https://catalog.wb.ru/catalog/pants/v2/catalog?ab_testing=false&appType=1&cat=8127&curr=rub&dest=-5817685&sort=popular&spp=30&priceU=1400000;1450000&page=1')---

2024-10-29 - 17:02:02 INFO: 
-----------1---True---https://catalog.wb.ru/catalog/pants/v2/catalog?ab_testing=false&appType=1&cat=8127&curr=rub&dest=-5817685&sort=popular&spp=30&priceU=1400000;1450000&page=1-------

2024-10-29 - 17:02:02 INFO: 
-----    (<Response [200 OK]>, 'https://catalog.wb.ru/catalog/pants/v2/catalog?ab_testing=false&appType=1&cat=8127&curr=rub&dest=-5817685&sort=popular&spp=30&priceU=2900000;2950000&page=1')---

2024-10-29 - 17:02:02 INFO: 
-----------1---True---https://catalog.wb.ru/catalog/pants/v2/catalog?ab_testing=false&appType=1&cat=8127&curr=rub&dest=-5817685&sort=popular&spp=30&priceU=2900000;2950000&page=1-------

2024-10-29 - 17:02:02 INFO: 
-----    (<Response [200 OK]>, 'https://catalog.wb.ru/catalog/pants/v2/catalog?ab_testing=false&appType=1&cat=8127&curr=rub&dest=-5817685&sort=popular&spp=30&priceU=3000000;3050000&page=1')---

2024-10-29 - 17:02:02 INFO: 
-----------1---True---https://catalog.wb.ru/catalog/pants/v2/catalog?ab_testing=false&appType=1&cat=8127&curr=rub&dest=-5817685&sort=popular&spp=30&priceU=3000000;3050000&page=1-------

2024-10-29 - 17:02:02 INFO: 
-----    (<Response [200 OK]>, 'https://catalog.wb.ru/catalog/pants/v2/catalog?ab_testing=false&appType=1&cat=8127&curr=rub&dest=-5817685&sort=popular&spp=30&priceU=1650000;1700000&page=1')---

2024-10-29 - 17:02:02 INFO: 
-----------1---True---https://catalog.wb.ru/catalog/pants/v2/catalog?ab_testing=false&appType=1&cat=8127&curr=rub&dest=-5817685&sort=popular&spp=30&priceU=1650000;1700000&page=1-------

2024-10-29 - 17:02:02 INFO: 
-----    (<Response [200 OK]>, 'https://catalog.wb.ru/catalog/pants/v2/catalog?ab_testing=false&appType=1&cat=8127&curr=rub&dest=-5817685&sort=popular&spp=30&priceU=3050000;3100000&page=1')---

2024-10-29 - 17:02:02 INFO: 
-----------1---True---https://catalog.wb.ru/catalog/pants/v2/catalog?ab_testing=false&appType=1&cat=8127&curr=rub&dest=-5817685&sort=popular&spp=30&priceU=3050000;3100000&page=1-------

2024-10-29 - 17:02:02 INFO: 
-----    (<Response [200 OK]>, 'https://catalog.wb.ru/catalog/pants/v2/catalog?ab_testing=false&appType=1&cat=8127&curr=rub&dest=-5817685&sort=popular&spp=30&priceU=1700000;1750000&page=1')---

2024-10-29 - 17:02:02 INFO: 
-----------1---True---https://catalog.wb.ru/catalog/pants/v2/catalog?ab_testing=false&appType=1&cat=8127&curr=rub&dest=-5817685&sort=popular&spp=30&priceU=1700000;1750000&page=1-------

2024-10-29 - 17:02:02 INFO: 
-----    (<Response [200 OK]>, 'https://catalog.wb.ru/catalog/pants/v2/catalog?ab_testing=false&appType=1&cat=8127&curr=rub&dest=-5817685&sort=popular&spp=30&priceU=3150000;3200000&page=1')---

2024-10-29 - 17:02:02 INFO: 
-----------1---True---https://catalog.wb.ru/catalog/pants/v2/catalog?ab_testing=false&appType=1&cat=8127&curr=rub&dest=-5817685&sort=popular&spp=30&priceU=3150000;3200000&page=1-------

2024-10-29 - 17:02:02 INFO: 
-----    (<Response [200 OK]>, 'https://catalog.wb.ru/catalog/pants/v2/catalog?ab_testing=false&appType=1&cat=8127&curr=rub&dest=-5817685&sort=popular&spp=30&priceU=3200000;3250000&page=1')---

2024-10-29 - 17:02:02 INFO: 
-----------1---True---https://catalog.wb.ru/catalog/pants/v2/catalog?ab_testing=false&appType=1&cat=8127&curr=rub&dest=-5817685&sort=popular&spp=30&priceU=3200000;3250000&page=1-------

2024-10-29 - 17:02:02 INFO: 
-----    (<Response [200 OK]>, 'https://catalog.wb.ru/catalog/pants/v2/catalog?ab_testing=false&appType=1&cat=8127&curr=rub&dest=-5817685&sort=popular&spp=30&priceU=3250000;3300000&page=1')---

2024-10-29 - 17:02:02 INFO: 
-----------1---True---https://catalog.wb.ru/catalog/pants/v2/catalog?ab_testing=false&appType=1&cat=8127&curr=rub&dest=-5817685&sort=popular&spp=30&priceU=3250000;3300000&page=1-------

2024-10-29 - 17:02:02 INFO: 
-----    (<Response [200 OK]>, 'https://catalog.wb.ru/catalog/pants/v2/catalog?ab_testing=false&appType=1&cat=8127&curr=rub&dest=-5817685&sort=popular&spp=30&priceU=3500000;3550000&page=1')---

2024-10-29 - 17:02:02 INFO: 
-----------1---True---https://catalog.wb.ru/catalog/pants/v2/catalog?ab_testing=false&appType=1&cat=8127&curr=rub&dest=-5817685&sort=popular&spp=30&priceU=3500000;3550000&page=1-------

2024-10-29 - 17:02:02 INFO: 
-----    (<Response [200 OK]>, 'https://catalog.wb.ru/catalog/pants/v2/catalog?ab_testing=false&appType=1&cat=8127&curr=rub&dest=-5817685&sort=popular&spp=30&priceU=3550000;3600000&page=1')---

2024-10-29 - 17:02:02 INFO: 
-----------1---True---https://catalog.wb.ru/catalog/pants/v2/catalog?ab_testing=false&appType=1&cat=8127&curr=rub&dest=-5817685&sort=popular&spp=30&priceU=3550000;3600000&page=1-------

2024-10-29 - 17:02:02 INFO: 
-----    (<Response [200 OK]>, 'https://catalog.wb.ru/catalog/pants/v2/catalog?ab_testing=false&appType=1&cat=8127&curr=rub&dest=-5817685&sort=popular&spp=30&priceU=3600000;3650000&page=1')---

2024-10-29 - 17:02:02 INFO: 
-----------1---False---https://catalog.wb.ru/catalog/pants/v2/catalog?ab_testing=false&appType=1&cat=8127&curr=rub&dest=-5817685&sort=popular&spp=30&priceU=3600000;3650000&page=1-------

2024-10-29 - 17:02:02 INFO: 
-----    (<Response [200 OK]>, 'https://catalog.wb.ru/catalog/pants/v2/catalog?ab_testing=false&appType=1&cat=8127&curr=rub&dest=-5817685&sort=popular&spp=30&priceU=3800000;3850000&page=1')---

2024-10-29 - 17:02:02 INFO: 
-----------1---True---https://catalog.wb.ru/catalog/pants/v2/catalog?ab_testing=false&appType=1&cat=8127&curr=rub&dest=-5817685&sort=popular&spp=30&priceU=3800000;3850000&page=1-------

2024-10-29 - 17:02:02 INFO: 
-----    (<Response [200 OK]>, 'https://catalog.wb.ru/catalog/pants/v2/catalog?ab_testing=false&appType=1&cat=8127&curr=rub&dest=-5817685&sort=popular&spp=30&priceU=3850000;3900000&page=1')---

2024-10-29 - 17:02:02 INFO: 
-----------1---True---https://catalog.wb.ru/catalog/pants/v2/catalog?ab_testing=false&appType=1&cat=8127&curr=rub&dest=-5817685&sort=popular&spp=30&priceU=3850000;3900000&page=1-------

2024-10-29 - 17:02:02 INFO: 
-----    (<Response [200 OK]>, 'https://catalog.wb.ru/catalog/pants/v2/catalog?ab_testing=false&appType=1&cat=8127&curr=rub&dest=-5817685&sort=popular&spp=30&priceU=3900000;3950000&page=1')---

2024-10-29 - 17:02:02 INFO: 
-----------1---True---https://catalog.wb.ru/catalog/pants/v2/catalog?ab_testing=false&appType=1&cat=8127&curr=rub&dest=-5817685&sort=popular&spp=30&priceU=3900000;3950000&page=1-------

2024-10-29 - 17:02:02 INFO: 
-----    (<Response [200 OK]>, 'https://catalog.wb.ru/catalog/pants/v2/catalog?ab_testing=false&appType=1&cat=8127&curr=rub&dest=-5817685&sort=popular&spp=30&priceU=3950000;4000000&page=1')---

2024-10-29 - 17:02:02 INFO: 
-----------1---True---https://catalog.wb.ru/catalog/pants/v2/catalog?ab_testing=false&appType=1&cat=8127&curr=rub&dest=-5817685&sort=popular&spp=30&priceU=3950000;4000000&page=1-------

2024-10-29 - 17:02:02 INFO: 
-----    (<Response [200 OK]>, 'https://catalog.wb.ru/catalog/pants/v2/catalog?ab_testing=false&appType=1&cat=8127&curr=rub&dest=-5817685&sort=popular&spp=30&priceU=4000000;4050000&page=1')---

2024-10-29 - 17:02:02 INFO: 
-----------1---True---https://catalog.wb.ru/catalog/pants/v2/catalog?ab_testing=false&appType=1&cat=8127&curr=rub&dest=-5817685&sort=popular&spp=30&priceU=4000000;4050000&page=1-------

2024-10-29 - 17:02:02 INFO: 
-----    (<Response [200 OK]>, 'https://catalog.wb.ru/catalog/pants/v2/catalog?ab_testing=false&appType=1&cat=8127&curr=rub&dest=-5817685&sort=popular&spp=30&priceU=4100000;4150000&page=1')---

2024-10-29 - 17:02:02 INFO: 
-----------1---True---https://catalog.wb.ru/catalog/pants/v2/catalog?ab_testing=false&appType=1&cat=8127&curr=rub&dest=-5817685&sort=popular&spp=30&priceU=4100000;4150000&page=1-------

2024-10-29 - 17:02:02 INFO: 
-----    (<Response [200 OK]>, 'https://catalog.wb.ru/catalog/pants/v2/catalog?ab_testing=false&appType=1&cat=8127&curr=rub&dest=-5817685&sort=popular&spp=30&priceU=850000;900000&page=1')---

2024-10-29 - 17:02:02 INFO: 
-----------1---True---https://catalog.wb.ru/catalog/pants/v2/catalog?ab_testing=false&appType=1&cat=8127&curr=rub&dest=-5817685&sort=popular&spp=30&priceU=850000;900000&page=1-------

2024-10-29 - 17:02:02 INFO: 
-----    (<Response [200 OK]>, 'https://catalog.wb.ru/catalog/pants/v2/catalog?ab_testing=false&appType=1&cat=8127&curr=rub&dest=-5817685&sort=popular&spp=30&priceU=4200000;4250000&page=1')---

2024-10-29 - 17:02:02 INFO: 
-----------1---False---https://catalog.wb.ru/catalog/pants/v2/catalog?ab_testing=false&appType=1&cat=8127&curr=rub&dest=-5817685&sort=popular&spp=30&priceU=4200000;4250000&page=1-------

2024-10-29 - 17:02:02 INFO: 
-----    (<Response [200 OK]>, 'https://catalog.wb.ru/catalog/pants/v2/catalog?ab_testing=false&appType=1&cat=8127&curr=rub&dest=-5817685&sort=popular&spp=30&priceU=4300000;4350000&page=1')---

2024-10-29 - 17:02:02 INFO: 
-----------1---False---https://catalog.wb.ru/catalog/pants/v2/catalog?ab_testing=false&appType=1&cat=8127&curr=rub&dest=-5817685&sort=popular&spp=30&priceU=4300000;4350000&page=1-------

2024-10-29 - 17:02:02 INFO: 
-----    (<Response [200 OK]>, 'https://catalog.wb.ru/catalog/pants/v2/catalog?ab_testing=false&appType=1&cat=8127&curr=rub&dest=-5817685&sort=popular&spp=30&priceU=4400000;4450000&page=1')---

2024-10-29 - 17:02:02 INFO: 
-----------1---False---https://catalog.wb.ru/catalog/pants/v2/catalog?ab_testing=false&appType=1&cat=8127&curr=rub&dest=-5817685&sort=popular&spp=30&priceU=4400000;4450000&page=1-------

2024-10-29 - 17:02:02 INFO: 
-----    (<Response [200 OK]>, 'https://catalog.wb.ru/catalog/pants/v2/catalog?ab_testing=false&appType=1&cat=8127&curr=rub&dest=-5817685&sort=popular&spp=30&priceU=4450000;4500000&page=1')---

2024-10-29 - 17:02:02 INFO: 
-----------1---False---https://catalog.wb.ru/catalog/pants/v2/catalog?ab_testing=false&appType=1&cat=8127&curr=rub&dest=-5817685&sort=popular&spp=30&priceU=4450000;4500000&page=1-------

2024-10-29 - 17:02:02 INFO: 
-----    (<Response [200 OK]>, 'https://catalog.wb.ru/catalog/pants/v2/catalog?ab_testing=false&appType=1&cat=8127&curr=rub&dest=-5817685&sort=popular&spp=30&priceU=4500000;4550000&page=1')---

2024-10-29 - 17:02:02 INFO: 
-----------1---False---https://catalog.wb.ru/catalog/pants/v2/catalog?ab_testing=false&appType=1&cat=8127&curr=rub&dest=-5817685&sort=popular&spp=30&priceU=4500000;4550000&page=1-------

2024-10-29 - 17:02:02 INFO: 
-----    (<Response [200 OK]>, 'https://catalog.wb.ru/catalog/pants/v2/catalog?ab_testing=false&appType=1&cat=8127&curr=rub&dest=-5817685&sort=popular&spp=30&priceU=4550000;4600000&page=1')---

2024-10-29 - 17:02:02 INFO: 
-----------1---False---https://catalog.wb.ru/catalog/pants/v2/catalog?ab_testing=false&appType=1&cat=8127&curr=rub&dest=-5817685&sort=popular&spp=30&priceU=4550000;4600000&page=1-------

2024-10-29 - 17:02:02 INFO: 
-----    (<Response [200 OK]>, 'https://catalog.wb.ru/catalog/pants/v2/catalog?ab_testing=false&appType=1&cat=8127&curr=rub&dest=-5817685&sort=popular&spp=30&priceU=650000;700000&page=1')---

2024-10-29 - 17:02:02 INFO: 
-----------1---True---https://catalog.wb.ru/catalog/pants/v2/catalog?ab_testing=false&appType=1&cat=8127&curr=rub&dest=-5817685&sort=popular&spp=30&priceU=650000;700000&page=1-------

2024-10-29 - 17:02:02 INFO: 
-----    (<Response [200 OK]>, 'https://catalog.wb.ru/catalog/pants/v2/catalog?ab_testing=false&appType=1&cat=8127&curr=rub&dest=-5817685&sort=popular&spp=30&priceU=900000;950000&page=1')---

2024-10-29 - 17:02:02 INFO: 
-----------1---True---https://catalog.wb.ru/catalog/pants/v2/catalog?ab_testing=false&appType=1&cat=8127&curr=rub&dest=-5817685&sort=popular&spp=30&priceU=900000;950000&page=1-------

2024-10-29 - 17:02:02 INFO: 
-----    (<Response [200 OK]>, 'https://catalog.wb.ru/catalog/pants/v2/catalog?ab_testing=false&appType=1&cat=8127&curr=rub&dest=-5817685&sort=popular&spp=30&priceU=4750000;4800000&page=1')---

2024-10-29 - 17:02:02 INFO: 
-----------1---True---https://catalog.wb.ru/catalog/pants/v2/catalog?ab_testing=false&appType=1&cat=8127&curr=rub&dest=-5817685&sort=popular&spp=30&priceU=4750000;4800000&page=1-------

2024-10-29 - 17:02:02 INFO: 
-----    (<Response [200 OK]>, 'https://catalog.wb.ru/catalog/pants/v2/catalog?ab_testing=false&appType=1&cat=8127&curr=rub&dest=-5817685&sort=popular&spp=30&priceU=5050000;5100000&page=1')---

2024-10-29 - 17:02:02 INFO: 
-----------1---False---https://catalog.wb.ru/catalog/pants/v2/catalog?ab_testing=false&appType=1&cat=8127&curr=rub&dest=-5817685&sort=popular&spp=30&priceU=5050000;5100000&page=1-------

2024-10-29 - 17:02:02 INFO: 
-----    (<Response [200 OK]>, 'https://catalog.wb.ru/catalog/pants/v2/catalog?ab_testing=false&appType=1&cat=8127&curr=rub&dest=-5817685&sort=popular&spp=30&priceU=4800000;4850000&page=1')---

2024-10-29 - 17:02:02 INFO: 
-----------1---False---https://catalog.wb.ru/catalog/pants/v2/catalog?ab_testing=false&appType=1&cat=8127&curr=rub&dest=-5817685&sort=popular&spp=30&priceU=4800000;4850000&page=1-------

2024-10-29 - 17:02:02 INFO: 
-----    (<Response [200 OK]>, 'https://catalog.wb.ru/catalog/pants/v2/catalog?ab_testing=false&appType=1&cat=8127&curr=rub&dest=-5817685&sort=popular&spp=30&priceU=0;50000&page=1')---

2024-10-29 - 17:02:02 INFO: 
-----------1---True---https://catalog.wb.ru/catalog/pants/v2/catalog?ab_testing=false&appType=1&cat=8127&curr=rub&dest=-5817685&sort=popular&spp=30&priceU=0;50000&page=1-------

2024-10-29 - 17:02:02 INFO: 
-----    (<Response [200 OK]>, 'https://catalog.wb.ru/catalog/pants/v2/catalog?ab_testing=false&appType=1&cat=8127&curr=rub&dest=-5817685&sort=popular&spp=30&priceU=4950000;5000000&page=1')---

2024-10-29 - 17:02:02 INFO: 
-----------1---False---https://catalog.wb.ru/catalog/pants/v2/catalog?ab_testing=false&appType=1&cat=8127&curr=rub&dest=-5817685&sort=popular&spp=30&priceU=4950000;5000000&page=1-------

2024-10-29 - 17:02:02 INFO: 
-----    (<Response [200 OK]>, 'https://catalog.wb.ru/catalog/pants/v2/catalog?ab_testing=false&appType=1&cat=8127&curr=rub&dest=-5817685&sort=popular&spp=30&priceU=1150000;1200000&page=1')---

2024-10-29 - 17:02:02 INFO: 
-----------1---True---https://catalog.wb.ru/catalog/pants/v2/catalog?ab_testing=false&appType=1&cat=8127&curr=rub&dest=-5817685&sort=popular&spp=30&priceU=1150000;1200000&page=1-------

2024-10-29 - 17:02:02 INFO: 
-----    (<Response [200 OK]>, 'https://catalog.wb.ru/catalog/pants/v2/catalog?ab_testing=false&appType=1&cat=8127&curr=rub&dest=-5817685&sort=popular&spp=30&priceU=1250000;1300000&page=1')---

2024-10-29 - 17:02:02 INFO: 
-----------1---True---https://catalog.wb.ru/catalog/pants/v2/catalog?ab_testing=false&appType=1&cat=8127&curr=rub&dest=-5817685&sort=popular&spp=30&priceU=1250000;1300000&page=1-------

2024-10-29 - 17:02:02 INFO: 
-----    (<Response [200 OK]>, 'https://catalog.wb.ru/catalog/pants/v2/catalog?ab_testing=false&appType=1&cat=8127&curr=rub&dest=-5817685&sort=popular&spp=30&priceU=1500000;1550000&page=1')---

2024-10-29 - 17:02:02 INFO: 
-----------1---True---https://catalog.wb.ru/catalog/pants/v2/catalog?ab_testing=false&appType=1&cat=8127&curr=rub&dest=-5817685&sort=popular&spp=30&priceU=1500000;1550000&page=1-------

2024-10-29 - 17:02:02 INFO: 
-----    (<Response [200 OK]>, 'https://catalog.wb.ru/catalog/pants/v2/catalog?ab_testing=false&appType=1&cat=8127&curr=rub&dest=-5817685&sort=popular&spp=30&priceU=1550000;1600000&page=1')---

2024-10-29 - 17:02:02 INFO: 
-----------1---True---https://catalog.wb.ru/catalog/pants/v2/catalog?ab_testing=false&appType=1&cat=8127&curr=rub&dest=-5817685&sort=popular&spp=30&priceU=1550000;1600000&page=1-------

2024-10-29 - 17:02:02 INFO: 
-----    (<Response [200 OK]>, 'https://catalog.wb.ru/catalog/pants/v2/catalog?ab_testing=false&appType=1&cat=8127&curr=rub&dest=-5817685&sort=popular&spp=30&priceU=1300000;1350000&page=1')---

2024-10-29 - 17:02:02 INFO: 
-----------1---True---https://catalog.wb.ru/catalog/pants/v2/catalog?ab_testing=false&appType=1&cat=8127&curr=rub&dest=-5817685&sort=popular&spp=30&priceU=1300000;1350000&page=1-------

2024-10-29 - 17:02:02 INFO: 
-----    (<Response [200 OK]>, 'https://catalog.wb.ru/catalog/pants/v2/catalog?ab_testing=false&appType=1&cat=8127&curr=rub&dest=-5817685&sort=popular&spp=30&priceU=1800000;1850000&page=1')---

2024-10-29 - 17:02:02 INFO: 
-----------1---True---https://catalog.wb.ru/catalog/pants/v2/catalog?ab_testing=false&appType=1&cat=8127&curr=rub&dest=-5817685&sort=popular&spp=30&priceU=1800000;1850000&page=1-------

2024-10-29 - 17:02:02 INFO: 
-----    (<Response [200 OK]>, 'https://catalog.wb.ru/catalog/pants/v2/catalog?ab_testing=false&appType=1&cat=8127&curr=rub&dest=-5817685&sort=popular&spp=30&priceU=2050000;2100000&page=1')---

2024-10-29 - 17:02:02 INFO: 
-----------1---True---https://catalog.wb.ru/catalog/pants/v2/catalog?ab_testing=false&appType=1&cat=8127&curr=rub&dest=-5817685&sort=popular&spp=30&priceU=2050000;2100000&page=1-------

2024-10-29 - 17:02:02 INFO: 
-----    (<Response [200 OK]>, 'https://catalog.wb.ru/catalog/pants/v2/catalog?ab_testing=false&appType=1&cat=8127&curr=rub&dest=-5817685&sort=popular&spp=30&priceU=2100000;2150000&page=1')---

2024-10-29 - 17:02:02 INFO: 
-----------1---True---https://catalog.wb.ru/catalog/pants/v2/catalog?ab_testing=false&appType=1&cat=8127&curr=rub&dest=-5817685&sort=popular&spp=30&priceU=2100000;2150000&page=1-------

2024-10-29 - 17:02:03 INFO: 
-----    (<Response [200 OK]>, 'https://catalog.wb.ru/catalog/pants/v2/catalog?ab_testing=false&appType=1&cat=8127&curr=rub&dest=-5817685&sort=popular&spp=30&priceU=100000;150000&page=1')---

2024-10-29 - 17:02:03 INFO: 
-----------1---True---https://catalog.wb.ru/catalog/pants/v2/catalog?ab_testing=false&appType=1&cat=8127&curr=rub&dest=-5817685&sort=popular&spp=30&priceU=100000;150000&page=1-------

2024-10-29 - 17:02:03 INFO: 
-----    (<Response [200 OK]>, 'https://catalog.wb.ru/catalog/pants/v2/catalog?ab_testing=false&appType=1&cat=8127&curr=rub&dest=-5817685&sort=popular&spp=30&priceU=2400000;2450000&page=1')---

2024-10-29 - 17:02:03 INFO: 
-----------1---True---https://catalog.wb.ru/catalog/pants/v2/catalog?ab_testing=false&appType=1&cat=8127&curr=rub&dest=-5817685&sort=popular&spp=30&priceU=2400000;2450000&page=1-------

2024-10-29 - 17:02:03 INFO: 
-----    (<Response [200 OK]>, 'https://catalog.wb.ru/catalog/pants/v2/catalog?ab_testing=false&appType=1&cat=8127&curr=rub&dest=-5817685&sort=popular&spp=30&priceU=2550000;2600000&page=1')---

2024-10-29 - 17:02:03 INFO: 
-----------1---True---https://catalog.wb.ru/catalog/pants/v2/catalog?ab_testing=false&appType=1&cat=8127&curr=rub&dest=-5817685&sort=popular&spp=30&priceU=2550000;2600000&page=1-------

2024-10-29 - 17:02:03 INFO: 
-----    (<Response [200 OK]>, 'https://catalog.wb.ru/catalog/pants/v2/catalog?ab_testing=false&appType=1&cat=8127&curr=rub&dest=-5817685&sort=popular&spp=30&priceU=2600000;2650000&page=1')---

2024-10-29 - 17:02:03 INFO: 
-----------1---True---https://catalog.wb.ru/catalog/pants/v2/catalog?ab_testing=false&appType=1&cat=8127&curr=rub&dest=-5817685&sort=popular&spp=30&priceU=2600000;2650000&page=1-------

2024-10-29 - 17:02:03 INFO: 
-----    (<Response [200 OK]>, 'https://catalog.wb.ru/catalog/pants/v2/catalog?ab_testing=false&appType=1&cat=8127&curr=rub&dest=-5817685&sort=popular&spp=30&priceU=2650000;2700000&page=1')---

2024-10-29 - 17:02:03 INFO: 
-----------1---True---https://catalog.wb.ru/catalog/pants/v2/catalog?ab_testing=false&appType=1&cat=8127&curr=rub&dest=-5817685&sort=popular&spp=30&priceU=2650000;2700000&page=1-------

2024-10-29 - 17:02:03 INFO: 
-----    (<Response [200 OK]>, 'https://catalog.wb.ru/catalog/pants/v2/catalog?ab_testing=false&appType=1&cat=8127&curr=rub&dest=-5817685&sort=popular&spp=30&priceU=600000;650000&page=1')---

2024-10-29 - 17:02:03 INFO: 
-----------1---True---https://catalog.wb.ru/catalog/pants/v2/catalog?ab_testing=false&appType=1&cat=8127&curr=rub&dest=-5817685&sort=popular&spp=30&priceU=600000;650000&page=1-------

2024-10-29 - 17:02:03 INFO: 
-----    (<Response [200 OK]>, 'https://catalog.wb.ru/catalog/pants/v2/catalog?ab_testing=false&appType=1&cat=8127&curr=rub&dest=-5817685&sort=popular&spp=30&priceU=950000;1000000&page=1')---

2024-10-29 - 17:02:03 INFO: 
-----------1---True---https://catalog.wb.ru/catalog/pants/v2/catalog?ab_testing=false&appType=1&cat=8127&curr=rub&dest=-5817685&sort=popular&spp=30&priceU=950000;1000000&page=1-------

2024-10-29 - 17:02:03 INFO: 
-----    (<Response [200 OK]>, 'https://catalog.wb.ru/catalog/pants/v2/catalog?ab_testing=false&appType=1&cat=8127&curr=rub&dest=-5817685&sort=popular&spp=30&priceU=5150000;5200000&page=1')---

2024-10-29 - 17:02:03 INFO: 
-----------1---True---https://catalog.wb.ru/catalog/pants/v2/catalog?ab_testing=false&appType=1&cat=8127&curr=rub&dest=-5817685&sort=popular&spp=30&priceU=5150000;5200000&page=1-------

2024-10-29 - 17:02:03 INFO: 
-----    (<Response [200 OK]>, 'https://catalog.wb.ru/catalog/pants/v2/catalog?ab_testing=false&appType=1&cat=8127&curr=rub&dest=-5817685&sort=popular&spp=30&priceU=500000;550000&page=1')---

2024-10-29 - 17:02:03 INFO: 
-----------1---True---https://catalog.wb.ru/catalog/pants/v2/catalog?ab_testing=false&appType=1&cat=8127&curr=rub&dest=-5817685&sort=popular&spp=30&priceU=500000;550000&page=1-------

2024-10-29 - 17:02:03 INFO: 
-----    (<Response [200 OK]>, 'https://catalog.wb.ru/catalog/pants/v2/catalog?ab_testing=false&appType=1&cat=8127&curr=rub&dest=-5817685&sort=popular&spp=30&priceU=550000;600000&page=1')---

2024-10-29 - 17:02:03 INFO: 
-----------1---True---https://catalog.wb.ru/catalog/pants/v2/catalog?ab_testing=false&appType=1&cat=8127&curr=rub&dest=-5817685&sort=popular&spp=30&priceU=550000;600000&page=1-------

2024-10-29 - 17:02:03 INFO: 
-----    (<Response [200 OK]>, 'https://catalog.wb.ru/catalog/pants/v2/catalog?ab_testing=false&appType=1&cat=8127&curr=rub&dest=-5817685&sort=popular&spp=30&priceU=1000000;1050000&page=1')---

2024-10-29 - 17:02:03 INFO: 
-----------1---True---https://catalog.wb.ru/catalog/pants/v2/catalog?ab_testing=false&appType=1&cat=8127&curr=rub&dest=-5817685&sort=popular&spp=30&priceU=1000000;1050000&page=1-------

2024-10-29 - 17:02:03 INFO: 
-----    (<Response [200 OK]>, 'https://catalog.wb.ru/catalog/pants/v2/catalog?ab_testing=false&appType=1&cat=8127&curr=rub&dest=-5817685&sort=popular&spp=30&priceU=5200000;5250000&page=1')---

2024-10-29 - 17:02:03 INFO: 
-----------1---True---https://catalog.wb.ru/catalog/pants/v2/catalog?ab_testing=false&appType=1&cat=8127&curr=rub&dest=-5817685&sort=popular&spp=30&priceU=5200000;5250000&page=1-------

2024-10-29 - 17:02:03 INFO: 
-----    (<Response [200 OK]>, 'https://catalog.wb.ru/catalog/pants/v2/catalog?ab_testing=false&appType=1&cat=8127&curr=rub&dest=-5817685&sort=popular&spp=30&priceU=5100000;5150000&page=1')---

2024-10-29 - 17:02:03 INFO: 
-----------1---True---https://catalog.wb.ru/catalog/pants/v2/catalog?ab_testing=false&appType=1&cat=8127&curr=rub&dest=-5817685&sort=popular&spp=30&priceU=5100000;5150000&page=1-------

2024-10-29 - 17:02:03 INFO: 
-----    (<Response [200 OK]>, 'https://catalog.wb.ru/catalog/pants/v2/catalog?ab_testing=false&appType=1&cat=8127&curr=rub&dest=-5817685&sort=popular&spp=30&priceU=5250000;5300000&page=1')---

2024-10-29 - 17:02:03 INFO: 
-----------1---False---https://catalog.wb.ru/catalog/pants/v2/catalog?ab_testing=false&appType=1&cat=8127&curr=rub&dest=-5817685&sort=popular&spp=30&priceU=5250000;5300000&page=1-------

2024-10-29 - 17:02:03 INFO: 
-----    (<Response [200 OK]>, 'https://catalog.wb.ru/catalog/pants/v2/catalog?ab_testing=false&appType=1&cat=8127&curr=rub&dest=-5817685&sort=popular&spp=30&priceU=1350000;1400000&page=1')---

2024-10-29 - 17:02:03 INFO: 
-----------1---True---https://catalog.wb.ru/catalog/pants/v2/catalog?ab_testing=false&appType=1&cat=8127&curr=rub&dest=-5817685&sort=popular&spp=30&priceU=1350000;1400000&page=1-------

2024-10-29 - 17:02:03 INFO: 
-----    (<Response [200 OK]>, 'https://catalog.wb.ru/catalog/pants/v2/catalog?ab_testing=false&appType=1&cat=8127&curr=rub&dest=-5817685&sort=popular&spp=30&priceU=5350000;5400000&page=1')---

2024-10-29 - 17:02:03 INFO: 
-----------1---False---https://catalog.wb.ru/catalog/pants/v2/catalog?ab_testing=false&appType=1&cat=8127&curr=rub&dest=-5817685&sort=popular&spp=30&priceU=5350000;5400000&page=1-------

2024-10-29 - 17:02:03 INFO: 
-----    (<Response [200 OK]>, 'https://catalog.wb.ru/catalog/pants/v2/catalog?ab_testing=false&appType=1&cat=8127&curr=rub&dest=-5817685&sort=popular&spp=30&priceU=1600000;1650000&page=1')---

2024-10-29 - 17:02:03 INFO: 
-----------1---True---https://catalog.wb.ru/catalog/pants/v2/catalog?ab_testing=false&appType=1&cat=8127&curr=rub&dest=-5817685&sort=popular&spp=30&priceU=1600000;1650000&page=1-------

2024-10-29 - 17:02:03 INFO: 
-----    (<Response [200 OK]>, 'https://catalog.wb.ru/catalog/pants/v2/catalog?ab_testing=false&appType=1&cat=8127&curr=rub&dest=-5817685&sort=popular&spp=30&priceU=5300000;5350000&page=1')---

2024-10-29 - 17:02:03 INFO: 
-----------1---False---https://catalog.wb.ru/catalog/pants/v2/catalog?ab_testing=false&appType=1&cat=8127&curr=rub&dest=-5817685&sort=popular&spp=30&priceU=5300000;5350000&page=1-------

2024-10-29 - 17:02:03 INFO: 
-----    (<Response [200 OK]>, 'https://catalog.wb.ru/catalog/pants/v2/catalog?ab_testing=false&appType=1&cat=8127&curr=rub&dest=-5817685&sort=popular&spp=30&priceU=5400000;5450000&page=1')---

2024-10-29 - 17:02:03 INFO: 
-----------1---False---https://catalog.wb.ru/catalog/pants/v2/catalog?ab_testing=false&appType=1&cat=8127&curr=rub&dest=-5817685&sort=popular&spp=30&priceU=5400000;5450000&page=1-------

2024-10-29 - 17:02:03 INFO: 
-----    (<Response [200 OK]>, 'https://catalog.wb.ru/catalog/pants/v2/catalog?ab_testing=false&appType=1&cat=8127&curr=rub&dest=-5817685&sort=popular&spp=30&priceU=5450000;5500000&page=1')---

2024-10-29 - 17:02:03 INFO: 
-----------1---True---https://catalog.wb.ru/catalog/pants/v2/catalog?ab_testing=false&appType=1&cat=8127&curr=rub&dest=-5817685&sort=popular&spp=30&priceU=5450000;5500000&page=1-------

2024-10-29 - 17:02:03 INFO: 
-----    (<Response [200 OK]>, 'https://catalog.wb.ru/catalog/pants/v2/catalog?ab_testing=false&appType=1&cat=8127&curr=rub&dest=-5817685&sort=popular&spp=30&priceU=5500000;5550000&page=1')---

2024-10-29 - 17:02:03 INFO: 
-----------1---True---https://catalog.wb.ru/catalog/pants/v2/catalog?ab_testing=false&appType=1&cat=8127&curr=rub&dest=-5817685&sort=popular&spp=30&priceU=5500000;5550000&page=1-------

2024-10-29 - 17:02:03 INFO: 
-----    (<Response [200 OK]>, 'https://catalog.wb.ru/catalog/pants/v2/catalog?ab_testing=false&appType=1&cat=8127&curr=rub&dest=-5817685&sort=popular&spp=30&priceU=5700000;5750000&page=1')---

2024-10-29 - 17:02:03 INFO: 
-----------1---False---https://catalog.wb.ru/catalog/pants/v2/catalog?ab_testing=false&appType=1&cat=8127&curr=rub&dest=-5817685&sort=popular&spp=30&priceU=5700000;5750000&page=1-------

2024-10-29 - 17:02:03 INFO: 
-----    (<Response [200 OK]>, 'https://catalog.wb.ru/catalog/pants/v2/catalog?ab_testing=false&appType=1&cat=8127&curr=rub&dest=-5817685&sort=popular&spp=30&priceU=5750000;5800000&page=1')---

2024-10-29 - 17:02:03 INFO: 
-----------1---False---https://catalog.wb.ru/catalog/pants/v2/catalog?ab_testing=false&appType=1&cat=8127&curr=rub&dest=-5817685&sort=popular&spp=30&priceU=5750000;5800000&page=1-------

2024-10-29 - 17:02:03 INFO: 
-----    (<Response [200 OK]>, 'https://catalog.wb.ru/catalog/pants/v2/catalog?ab_testing=false&appType=1&cat=8127&curr=rub&dest=-5817685&sort=popular&spp=30&priceU=5550000;5600000&page=1')---

2024-10-29 - 17:02:03 INFO: 
-----------1---False---https://catalog.wb.ru/catalog/pants/v2/catalog?ab_testing=false&appType=1&cat=8127&curr=rub&dest=-5817685&sort=popular&spp=30&priceU=5550000;5600000&page=1-------

2024-10-29 - 17:02:03 INFO: 
-----    (<Response [200 OK]>, 'https://catalog.wb.ru/catalog/pants/v2/catalog?ab_testing=false&appType=1&cat=8127&curr=rub&dest=-5817685&sort=popular&spp=30&priceU=5800000;5850000&page=1')---

2024-10-29 - 17:02:03 INFO: 
-----------1---False---https://catalog.wb.ru/catalog/pants/v2/catalog?ab_testing=false&appType=1&cat=8127&curr=rub&dest=-5817685&sort=popular&spp=30&priceU=5800000;5850000&page=1-------

2024-10-29 - 17:02:03 INFO: 
-----    (<Response [200 OK]>, 'https://catalog.wb.ru/catalog/pants/v2/catalog?ab_testing=false&appType=1&cat=8127&curr=rub&dest=-5817685&sort=popular&spp=30&priceU=5850000;5900000&page=1')---

2024-10-29 - 17:02:03 INFO: 
-----------1---False---https://catalog.wb.ru/catalog/pants/v2/catalog?ab_testing=false&appType=1&cat=8127&curr=rub&dest=-5817685&sort=popular&spp=30&priceU=5850000;5900000&page=1-------

2024-10-29 - 17:02:03 INFO: 
-----    (<Response [200 OK]>, 'https://catalog.wb.ru/catalog/pants/v2/catalog?ab_testing=false&appType=1&cat=8127&curr=rub&dest=-5817685&sort=popular&spp=30&priceU=5900000;5950000&page=1')---

2024-10-29 - 17:02:03 INFO: 
-----------1---False---https://catalog.wb.ru/catalog/pants/v2/catalog?ab_testing=false&appType=1&cat=8127&curr=rub&dest=-5817685&sort=popular&spp=30&priceU=5900000;5950000&page=1-------

2024-10-29 - 17:02:03 INFO: 
-----    (<Response [200 OK]>, 'https://catalog.wb.ru/catalog/pants/v2/catalog?ab_testing=false&appType=1&cat=8127&curr=rub&dest=-5817685&sort=popular&spp=30&priceU=5600000;5650000&page=1')---

2024-10-29 - 17:02:03 INFO: 
-----------1---True---https://catalog.wb.ru/catalog/pants/v2/catalog?ab_testing=false&appType=1&cat=8127&curr=rub&dest=-5817685&sort=popular&spp=30&priceU=5600000;5650000&page=1-------

2024-10-29 - 17:02:03 INFO: 
-----    (<Response [200 OK]>, 'https://catalog.wb.ru/catalog/pants/v2/catalog?ab_testing=false&appType=1&cat=8127&curr=rub&dest=-5817685&sort=popular&spp=30&priceU=5950000;6000000&page=1')---

2024-10-29 - 17:02:03 INFO: 
-----------1---False---https://catalog.wb.ru/catalog/pants/v2/catalog?ab_testing=false&appType=1&cat=8127&curr=rub&dest=-5817685&sort=popular&spp=30&priceU=5950000;6000000&page=1-------

2024-10-29 - 17:02:03 INFO: 
-----    (<Response [200 OK]>, 'https://catalog.wb.ru/catalog/pants/v2/catalog?ab_testing=false&appType=1&cat=8127&curr=rub&dest=-5817685&sort=popular&spp=30&priceU=6000000;6050000&page=1')---

2024-10-29 - 17:02:03 INFO: 
-----------1---True---https://catalog.wb.ru/catalog/pants/v2/catalog?ab_testing=false&appType=1&cat=8127&curr=rub&dest=-5817685&sort=popular&spp=30&priceU=6000000;6050000&page=1-------

2024-10-29 - 17:02:03 INFO: 
-----    (<Response [200 OK]>, 'https://catalog.wb.ru/catalog/pants/v2/catalog?ab_testing=false&appType=1&cat=8127&curr=rub&dest=-5817685&sort=popular&spp=30&priceU=1050000;1100000&page=1')---

2024-10-29 - 17:02:03 INFO: 
-----------1---True---https://catalog.wb.ru/catalog/pants/v2/catalog?ab_testing=false&appType=1&cat=8127&curr=rub&dest=-5817685&sort=popular&spp=30&priceU=1050000;1100000&page=1-------

2024-10-29 - 17:02:03 INFO: 
-----    (<Response [200 OK]>, 'https://catalog.wb.ru/catalog/pants/v2/catalog?ab_testing=false&appType=1&cat=8127&curr=rub&dest=-5817685&sort=popular&spp=30&priceU=1100000;1150000&page=1')---

2024-10-29 - 17:02:03 INFO: 
-----------1---True---https://catalog.wb.ru/catalog/pants/v2/catalog?ab_testing=false&appType=1&cat=8127&curr=rub&dest=-5817685&sort=popular&spp=30&priceU=1100000;1150000&page=1-------

2024-10-29 - 17:02:03 INFO: 
-----    (<Response [200 OK]>, 'https://catalog.wb.ru/catalog/pants/v2/catalog?ab_testing=false&appType=1&cat=8127&curr=rub&dest=-5817685&sort=popular&spp=30&priceU=6050000;6100000&page=1')---

2024-10-29 - 17:02:03 INFO: 
-----------1---True---https://catalog.wb.ru/catalog/pants/v2/catalog?ab_testing=false&appType=1&cat=8127&curr=rub&dest=-5817685&sort=popular&spp=30&priceU=6050000;6100000&page=1-------

2024-10-29 - 17:02:03 INFO: 
-----    (<Response [200 OK]>, 'https://catalog.wb.ru/catalog/pants/v2/catalog?ab_testing=false&appType=1&cat=8127&curr=rub&dest=-5817685&sort=popular&spp=30&priceU=6100000;6150000&page=1')---

2024-10-29 - 17:02:03 INFO: 
-----------1---False---https://catalog.wb.ru/catalog/pants/v2/catalog?ab_testing=false&appType=1&cat=8127&curr=rub&dest=-5817685&sort=popular&spp=30&priceU=6100000;6150000&page=1-------

2024-10-29 - 17:02:03 INFO: 
-----    (<Response [200 OK]>, 'https://catalog.wb.ru/catalog/pants/v2/catalog?ab_testing=false&appType=1&cat=8127&curr=rub&dest=-5817685&sort=popular&spp=30&priceU=6800000;6850000&page=1')---

2024-10-29 - 17:02:03 INFO: 
-----------1---True---https://catalog.wb.ru/catalog/pants/v2/catalog?ab_testing=false&appType=1&cat=8127&curr=rub&dest=-5817685&sort=popular&spp=30&priceU=6800000;6850000&page=1-------

2024-10-29 - 17:02:03 INFO: 
-----    (<Response [200 OK]>, 'https://catalog.wb.ru/catalog/pants/v2/catalog?ab_testing=false&appType=1&cat=8127&curr=rub&dest=-5817685&sort=popular&spp=30&priceU=5650000;5700000&page=1')---

2024-10-29 - 17:02:03 INFO: 
-----------1---False---https://catalog.wb.ru/catalog/pants/v2/catalog?ab_testing=false&appType=1&cat=8127&curr=rub&dest=-5817685&sort=popular&spp=30&priceU=5650000;5700000&page=1-------

2024-10-29 - 17:02:03 INFO: 
-----    (<Response [200 OK]>, 'https://catalog.wb.ru/catalog/pants/v2/catalog?ab_testing=false&appType=1&cat=8127&curr=rub&dest=-5817685&sort=popular&spp=30&priceU=6850000;6900000&page=1')---

2024-10-29 - 17:02:03 INFO: 
-----------1---True---https://catalog.wb.ru/catalog/pants/v2/catalog?ab_testing=false&appType=1&cat=8127&curr=rub&dest=-5817685&sort=popular&spp=30&priceU=6850000;6900000&page=1-------

2024-10-29 - 17:02:03 INFO: 
-----    (<Response [200 OK]>, 'https://catalog.wb.ru/catalog/pants/v2/catalog?ab_testing=false&appType=1&cat=8127&curr=rub&dest=-5817685&sort=popular&spp=30&priceU=6150000;6200000&page=1')---

2024-10-29 - 17:02:03 INFO: 
-----------1---False---https://catalog.wb.ru/catalog/pants/v2/catalog?ab_testing=false&appType=1&cat=8127&curr=rub&dest=-5817685&sort=popular&spp=30&priceU=6150000;6200000&page=1-------

2024-10-29 - 17:02:03 INFO: 
-----    (<Response [200 OK]>, 'https://catalog.wb.ru/catalog/pants/v2/catalog?ab_testing=false&appType=1&cat=8127&curr=rub&dest=-5817685&sort=popular&spp=30&priceU=6200000;6250000&page=1')---

2024-10-29 - 17:02:03 INFO: 
-----------1---False---https://catalog.wb.ru/catalog/pants/v2/catalog?ab_testing=false&appType=1&cat=8127&curr=rub&dest=-5817685&sort=popular&spp=30&priceU=6200000;6250000&page=1-------

2024-10-29 - 17:02:03 INFO: 
-----    (<Response [200 OK]>, 'https://catalog.wb.ru/catalog/pants/v2/catalog?ab_testing=false&appType=1&cat=8127&curr=rub&dest=-5817685&sort=popular&spp=30&priceU=6250000;6300000&page=1')---

2024-10-29 - 17:02:03 INFO: 
-----------1---False---https://catalog.wb.ru/catalog/pants/v2/catalog?ab_testing=false&appType=1&cat=8127&curr=rub&dest=-5817685&sort=popular&spp=30&priceU=6250000;6300000&page=1-------

2024-10-29 - 17:02:03 INFO: 
-----    (<Response [200 OK]>, 'https://catalog.wb.ru/catalog/pants/v2/catalog?ab_testing=false&appType=1&cat=8127&curr=rub&dest=-5817685&sort=popular&spp=30&priceU=6300000;6350000&page=1')---

2024-10-29 - 17:02:03 INFO: 
-----------1---False---https://catalog.wb.ru/catalog/pants/v2/catalog?ab_testing=false&appType=1&cat=8127&curr=rub&dest=-5817685&sort=popular&spp=30&priceU=6300000;6350000&page=1-------

2024-10-29 - 17:02:03 INFO: 
-----    (<Response [200 OK]>, 'https://catalog.wb.ru/catalog/pants/v2/catalog?ab_testing=false&appType=1&cat=8127&curr=rub&dest=-5817685&sort=popular&spp=30&priceU=150000;200000&page=1')---

2024-10-29 - 17:02:03 INFO: 
-----------1---True---https://catalog.wb.ru/catalog/pants/v2/catalog?ab_testing=false&appType=1&cat=8127&curr=rub&dest=-5817685&sort=popular&spp=30&priceU=150000;200000&page=1-------

2024-10-29 - 17:02:03 INFO: 
-----    (<Response [200 OK]>, 'https://catalog.wb.ru/catalog/pants/v2/catalog?ab_testing=false&appType=1&cat=8127&curr=rub&dest=-5817685&sort=popular&spp=30&priceU=6350000;6400000&page=1')---

2024-10-29 - 17:02:03 INFO: 
-----------1---False---https://catalog.wb.ru/catalog/pants/v2/catalog?ab_testing=false&appType=1&cat=8127&curr=rub&dest=-5817685&sort=popular&spp=30&priceU=6350000;6400000&page=1-------

2024-10-29 - 17:02:03 INFO: 
-----    (<Response [200 OK]>, 'https://catalog.wb.ru/catalog/pants/v2/catalog?ab_testing=false&appType=1&cat=8127&curr=rub&dest=-5817685&sort=popular&spp=30&priceU=6400000;6450000&page=1')---

2024-10-29 - 17:02:03 INFO: 
-----------1---True---https://catalog.wb.ru/catalog/pants/v2/catalog?ab_testing=false&appType=1&cat=8127&curr=rub&dest=-5817685&sort=popular&spp=30&priceU=6400000;6450000&page=1-------

2024-10-29 - 17:02:03 INFO: 
-----    (<Response [200 OK]>, 'https://catalog.wb.ru/catalog/pants/v2/catalog?ab_testing=false&appType=1&cat=8127&curr=rub&dest=-5817685&sort=popular&spp=30&priceU=6450000;6500000&page=1')---

2024-10-29 - 17:02:03 INFO: 
-----------1---False---https://catalog.wb.ru/catalog/pants/v2/catalog?ab_testing=false&appType=1&cat=8127&curr=rub&dest=-5817685&sort=popular&spp=30&priceU=6450000;6500000&page=1-------

2024-10-29 - 17:02:03 INFO: 
-----    (<Response [200 OK]>, 'https://catalog.wb.ru/catalog/pants/v2/catalog?ab_testing=false&appType=1&cat=8127&curr=rub&dest=-5817685&sort=popular&spp=30&priceU=6500000;6550000&page=1')---

2024-10-29 - 17:02:03 INFO: 
-----------1---True---https://catalog.wb.ru/catalog/pants/v2/catalog?ab_testing=false&appType=1&cat=8127&curr=rub&dest=-5817685&sort=popular&spp=30&priceU=6500000;6550000&page=1-------

2024-10-29 - 17:02:03 INFO: 
-----    (<Response [200 OK]>, 'https://catalog.wb.ru/catalog/pants/v2/catalog?ab_testing=false&appType=1&cat=8127&curr=rub&dest=-5817685&sort=popular&spp=30&priceU=6550000;6600000&page=1')---

2024-10-29 - 17:02:03 INFO: 
-----------1---False---https://catalog.wb.ru/catalog/pants/v2/catalog?ab_testing=false&appType=1&cat=8127&curr=rub&dest=-5817685&sort=popular&spp=30&priceU=6550000;6600000&page=1-------

2024-10-29 - 17:02:03 INFO: 
-----    (<Response [200 OK]>, 'https://catalog.wb.ru/catalog/pants/v2/catalog?ab_testing=false&appType=1&cat=8127&curr=rub&dest=-5817685&sort=popular&spp=30&priceU=300000;350000&page=1')---

2024-10-29 - 17:02:03 INFO: 
-----------1---True---https://catalog.wb.ru/catalog/pants/v2/catalog?ab_testing=false&appType=1&cat=8127&curr=rub&dest=-5817685&sort=popular&spp=30&priceU=300000;350000&page=1-------

2024-10-29 - 17:02:03 INFO: 
-----    (<Response [200 OK]>, 'https://catalog.wb.ru/catalog/pants/v2/catalog?ab_testing=false&appType=1&cat=8127&curr=rub&dest=-5817685&sort=popular&spp=30&priceU=400000;450000&page=1')---

2024-10-29 - 17:02:03 INFO: 
-----------1---True---https://catalog.wb.ru/catalog/pants/v2/catalog?ab_testing=false&appType=1&cat=8127&curr=rub&dest=-5817685&sort=popular&spp=30&priceU=400000;450000&page=1-------

2024-10-29 - 17:02:03 INFO: 
-----    (<Response [200 OK]>, 'https://catalog.wb.ru/catalog/pants/v2/catalog?ab_testing=false&appType=1&cat=8127&curr=rub&dest=-5817685&sort=popular&spp=30&priceU=6600000;6650000&page=1')---

2024-10-29 - 17:02:03 INFO: 
-----------1---False---https://catalog.wb.ru/catalog/pants/v2/catalog?ab_testing=false&appType=1&cat=8127&curr=rub&dest=-5817685&sort=popular&spp=30&priceU=6600000;6650000&page=1-------

2024-10-29 - 17:02:03 INFO: 
-----    (<Response [200 OK]>, 'https://catalog.wb.ru/catalog/pants/v2/catalog?ab_testing=false&appType=1&cat=8127&curr=rub&dest=-5817685&sort=popular&spp=30&priceU=6900000;6950000&page=1')---

2024-10-29 - 17:02:03 INFO: 
-----------1---True---https://catalog.wb.ru/catalog/pants/v2/catalog?ab_testing=false&appType=1&cat=8127&curr=rub&dest=-5817685&sort=popular&spp=30&priceU=6900000;6950000&page=1-------

2024-10-29 - 17:02:03 INFO: 
-----    (<Response [200 OK]>, 'https://catalog.wb.ru/catalog/pants/v2/catalog?ab_testing=false&appType=1&cat=8127&curr=rub&dest=-5817685&sort=popular&spp=30&priceU=6950000;7000000&page=1')---

2024-10-29 - 17:02:03 INFO: 
-----------1---False---https://catalog.wb.ru/catalog/pants/v2/catalog?ab_testing=false&appType=1&cat=8127&curr=rub&dest=-5817685&sort=popular&spp=30&priceU=6950000;7000000&page=1-------

2024-10-29 - 17:02:03 INFO: 
-----    (<Response [200 OK]>, 'https://catalog.wb.ru/catalog/pants/v2/catalog?ab_testing=false&appType=1&cat=8127&curr=rub&dest=-5817685&sort=popular&spp=30&priceU=6650000;6700000&page=1')---

2024-10-29 - 17:02:03 INFO: 
-----------1---False---https://catalog.wb.ru/catalog/pants/v2/catalog?ab_testing=false&appType=1&cat=8127&curr=rub&dest=-5817685&sort=popular&spp=30&priceU=6650000;6700000&page=1-------

2024-10-29 - 17:02:03 INFO: 
-----    (<Response [200 OK]>, 'https://catalog.wb.ru/catalog/pants/v2/catalog?ab_testing=false&appType=1&cat=8127&curr=rub&dest=-5817685&sort=popular&spp=30&priceU=6700000;6750000&page=1')---

2024-10-29 - 17:02:03 INFO: 
-----------1---True---https://catalog.wb.ru/catalog/pants/v2/catalog?ab_testing=false&appType=1&cat=8127&curr=rub&dest=-5817685&sort=popular&spp=30&priceU=6700000;6750000&page=1-------

2024-10-29 - 17:02:03 INFO: 
-----    (<Response [200 OK]>, 'https://catalog.wb.ru/catalog/pants/v2/catalog?ab_testing=false&appType=1&cat=8127&curr=rub&dest=-5817685&sort=popular&spp=30&priceU=6750000;6800000&page=1')---

2024-10-29 - 17:02:03 INFO: 
-----------1---False---https://catalog.wb.ru/catalog/pants/v2/catalog?ab_testing=false&appType=1&cat=8127&curr=rub&dest=-5817685&sort=popular&spp=30&priceU=6750000;6800000&page=1-------

2024-10-29 - 17:02:03 INFO: 
-----    (<Response [200 OK]>, 'https://catalog.wb.ru/catalog/pants/v2/catalog?ab_testing=false&appType=1&cat=8127&curr=rub&dest=-5817685&sort=popular&spp=30&priceU=7000000;7050000&page=1')---

2024-10-29 - 17:02:03 INFO: 
-----------1---False---https://catalog.wb.ru/catalog/pants/v2/catalog?ab_testing=false&appType=1&cat=8127&curr=rub&dest=-5817685&sort=popular&spp=30&priceU=7000000;7050000&page=1-------

2024-10-29 - 17:02:03 INFO: 
-----    (<Response [200 OK]>, 'https://catalog.wb.ru/catalog/pants/v2/catalog?ab_testing=false&appType=1&cat=8127&curr=rub&dest=-5817685&sort=popular&spp=30&priceU=7050000;7100000&page=1')---

2024-10-29 - 17:02:03 INFO: 
-----------1---False---https://catalog.wb.ru/catalog/pants/v2/catalog?ab_testing=false&appType=1&cat=8127&curr=rub&dest=-5817685&sort=popular&spp=30&priceU=7050000;7100000&page=1-------

2024-10-29 - 17:02:03 INFO: 
-----    (<Response [200 OK]>, 'https://catalog.wb.ru/catalog/pants/v2/catalog?ab_testing=false&appType=1&cat=8127&curr=rub&dest=-5817685&sort=popular&spp=30&priceU=7100000;7150000&page=1')---

2024-10-29 - 17:02:03 INFO: 
-----------1---True---https://catalog.wb.ru/catalog/pants/v2/catalog?ab_testing=false&appType=1&cat=8127&curr=rub&dest=-5817685&sort=popular&spp=30&priceU=7100000;7150000&page=1-------

2024-10-29 - 17:02:03 INFO: 
-----    (<Response [200 OK]>, 'https://catalog.wb.ru/catalog/pants/v2/catalog?ab_testing=false&appType=1&cat=8127&curr=rub&dest=-5817685&sort=popular&spp=30&priceU=7150000;7200000&page=1')---

2024-10-29 - 17:02:03 INFO: 
-----------1---False---https://catalog.wb.ru/catalog/pants/v2/catalog?ab_testing=false&appType=1&cat=8127&curr=rub&dest=-5817685&sort=popular&spp=30&priceU=7150000;7200000&page=1-------

2024-10-29 - 17:02:03 INFO: 
-----    (<Response [200 OK]>, 'https://catalog.wb.ru/catalog/pants/v2/catalog?ab_testing=false&appType=1&cat=8127&curr=rub&dest=-5817685&sort=popular&spp=30&priceU=7200000;7250000&page=1')---

2024-10-29 - 17:02:03 INFO: 
-----------1---False---https://catalog.wb.ru/catalog/pants/v2/catalog?ab_testing=false&appType=1&cat=8127&curr=rub&dest=-5817685&sort=popular&spp=30&priceU=7200000;7250000&page=1-------

2024-10-29 - 17:02:03 INFO: 
-----    (<Response [200 OK]>, 'https://catalog.wb.ru/catalog/pants/v2/catalog?ab_testing=false&appType=1&cat=8127&curr=rub&dest=-5817685&sort=popular&spp=30&priceU=7250000;7300000&page=1')---

2024-10-29 - 17:02:03 INFO: 
-----------1---False---https://catalog.wb.ru/catalog/pants/v2/catalog?ab_testing=false&appType=1&cat=8127&curr=rub&dest=-5817685&sort=popular&spp=30&priceU=7250000;7300000&page=1-------

2024-10-29 - 17:02:03 INFO: 
-----    (<Response [200 OK]>, 'https://catalog.wb.ru/catalog/pants/v2/catalog?ab_testing=false&appType=1&cat=8127&curr=rub&dest=-5817685&sort=popular&spp=30&priceU=7300000;7350000&page=1')---

2024-10-29 - 17:02:03 INFO: 
-----------1---False---https://catalog.wb.ru/catalog/pants/v2/catalog?ab_testing=false&appType=1&cat=8127&curr=rub&dest=-5817685&sort=popular&spp=30&priceU=7300000;7350000&page=1-------

2024-10-29 - 17:02:04 INFO: 
-----    (<Response [200 OK]>, 'https://catalog.wb.ru/catalog/pants/v2/catalog?ab_testing=false&appType=1&cat=8127&curr=rub&dest=-5817685&sort=popular&spp=30&priceU=7350000;7400000&page=1')---

2024-10-29 - 17:02:04 INFO: 
-----------1---False---https://catalog.wb.ru/catalog/pants/v2/catalog?ab_testing=false&appType=1&cat=8127&curr=rub&dest=-5817685&sort=popular&spp=30&priceU=7350000;7400000&page=1-------

2024-10-29 - 17:02:04 INFO: 
-----    (<Response [200 OK]>, 'https://catalog.wb.ru/catalog/pants/v2/catalog?ab_testing=false&appType=1&cat=8127&curr=rub&dest=-5817685&sort=popular&spp=30&priceU=7400000;7450000&page=1')---

2024-10-29 - 17:02:04 INFO: 
-----------1---True---https://catalog.wb.ru/catalog/pants/v2/catalog?ab_testing=false&appType=1&cat=8127&curr=rub&dest=-5817685&sort=popular&spp=30&priceU=7400000;7450000&page=1-------

2024-10-29 - 17:02:04 INFO: 
-----    (<Response [200 OK]>, 'https://catalog.wb.ru/catalog/pants/v2/catalog?ab_testing=false&appType=1&cat=8127&curr=rub&dest=-5817685&sort=popular&spp=30&priceU=7450000;7500000&page=1')---

2024-10-29 - 17:02:04 INFO: 
-----------1---False---https://catalog.wb.ru/catalog/pants/v2/catalog?ab_testing=false&appType=1&cat=8127&curr=rub&dest=-5817685&sort=popular&spp=30&priceU=7450000;7500000&page=1-------

2024-10-29 - 17:02:04 INFO: 
-----    (<Response [200 OK]>, 'https://catalog.wb.ru/catalog/pants/v2/catalog?ab_testing=false&appType=1&cat=8127&curr=rub&dest=-5817685&sort=popular&spp=30&priceU=7500000;7550000&page=1')---

2024-10-29 - 17:02:04 INFO: 
-----------1---False---https://catalog.wb.ru/catalog/pants/v2/catalog?ab_testing=false&appType=1&cat=8127&curr=rub&dest=-5817685&sort=popular&spp=30&priceU=7500000;7550000&page=1-------

2024-10-29 - 17:02:04 INFO: 
-----    (<Response [200 OK]>, 'https://catalog.wb.ru/catalog/pants/v2/catalog?ab_testing=false&appType=1&cat=8127&curr=rub&dest=-5817685&sort=popular&spp=30&priceU=7550000;7600000&page=1')---

2024-10-29 - 17:02:04 INFO: 
-----------1---False---https://catalog.wb.ru/catalog/pants/v2/catalog?ab_testing=false&appType=1&cat=8127&curr=rub&dest=-5817685&sort=popular&spp=30&priceU=7550000;7600000&page=1-------

2024-10-29 - 17:02:04 INFO: 
-----    (<Response [200 OK]>, 'https://catalog.wb.ru/catalog/pants/v2/catalog?ab_testing=false&appType=1&cat=8127&curr=rub&dest=-5817685&sort=popular&spp=30&priceU=7600000;7650000&page=1')---

2024-10-29 - 17:02:04 INFO: 
-----------1---False---https://catalog.wb.ru/catalog/pants/v2/catalog?ab_testing=false&appType=1&cat=8127&curr=rub&dest=-5817685&sort=popular&spp=30&priceU=7600000;7650000&page=1-------

2024-10-29 - 17:02:04 INFO: 
-----    (<Response [200 OK]>, 'https://catalog.wb.ru/catalog/pants/v2/catalog?ab_testing=false&appType=1&cat=8127&curr=rub&dest=-5817685&sort=popular&spp=30&priceU=7650000;7700000&page=1')---

2024-10-29 - 17:02:04 INFO: 
-----------1---False---https://catalog.wb.ru/catalog/pants/v2/catalog?ab_testing=false&appType=1&cat=8127&curr=rub&dest=-5817685&sort=popular&spp=30&priceU=7650000;7700000&page=1-------

2024-10-29 - 17:02:04 INFO: 
-----    (<Response [200 OK]>, 'https://catalog.wb.ru/catalog/pants/v2/catalog?ab_testing=false&appType=1&cat=8127&curr=rub&dest=-5817685&sort=popular&spp=30&priceU=7700000;7750000&page=1')---

2024-10-29 - 17:02:04 INFO: 
-----------1---False---https://catalog.wb.ru/catalog/pants/v2/catalog?ab_testing=false&appType=1&cat=8127&curr=rub&dest=-5817685&sort=popular&spp=30&priceU=7700000;7750000&page=1-------

2024-10-29 - 17:02:04 INFO: 
-----    (<Response [200 OK]>, 'https://catalog.wb.ru/catalog/pants/v2/catalog?ab_testing=false&appType=1&cat=8127&curr=rub&dest=-5817685&sort=popular&spp=30&priceU=7750000;7800000&page=1')---

2024-10-29 - 17:02:04 INFO: 
-----------1---False---https://catalog.wb.ru/catalog/pants/v2/catalog?ab_testing=false&appType=1&cat=8127&curr=rub&dest=-5817685&sort=popular&spp=30&priceU=7750000;7800000&page=1-------

2024-10-29 - 17:02:04 INFO: 
-----    (<Response [200 OK]>, 'https://catalog.wb.ru/catalog/pants/v2/catalog?ab_testing=false&appType=1&cat=8127&curr=rub&dest=-5817685&sort=popular&spp=30&priceU=7800000;7850000&page=1')---

2024-10-29 - 17:02:04 INFO: 
-----------1---True---https://catalog.wb.ru/catalog/pants/v2/catalog?ab_testing=false&appType=1&cat=8127&curr=rub&dest=-5817685&sort=popular&spp=30&priceU=7800000;7850000&page=1-------

2024-10-29 - 17:02:04 INFO: 
-----    (<Response [200 OK]>, 'https://catalog.wb.ru/catalog/pants/v2/catalog?ab_testing=false&appType=1&cat=8127&curr=rub&dest=-5817685&sort=popular&spp=30&priceU=7850000;7900000&page=1')---

2024-10-29 - 17:02:04 INFO: 
-----------1---False---https://catalog.wb.ru/catalog/pants/v2/catalog?ab_testing=false&appType=1&cat=8127&curr=rub&dest=-5817685&sort=popular&spp=30&priceU=7850000;7900000&page=1-------

2024-10-29 - 17:02:04 INFO: 
-----    (<Response [200 OK]>, 'https://catalog.wb.ru/catalog/pants/v2/catalog?ab_testing=false&appType=1&cat=8127&curr=rub&dest=-5817685&sort=popular&spp=30&priceU=7900000;7950000&page=1')---

2024-10-29 - 17:02:04 INFO: 
-----------1---True---https://catalog.wb.ru/catalog/pants/v2/catalog?ab_testing=false&appType=1&cat=8127&curr=rub&dest=-5817685&sort=popular&spp=30&priceU=7900000;7950000&page=1-------

2024-10-29 - 17:02:04 INFO: 
-----    (<Response [200 OK]>, 'https://catalog.wb.ru/catalog/pants/v2/catalog?ab_testing=false&appType=1&cat=8127&curr=rub&dest=-5817685&sort=popular&spp=30&priceU=7950000;8000000&page=1')---

2024-10-29 - 17:02:04 INFO: 
-----------1---False---https://catalog.wb.ru/catalog/pants/v2/catalog?ab_testing=false&appType=1&cat=8127&curr=rub&dest=-5817685&sort=popular&spp=30&priceU=7950000;8000000&page=1-------

2024-10-29 - 17:02:04 INFO: 
-----    (<Response [200 OK]>, 'https://catalog.wb.ru/catalog/pants/v2/catalog?ab_testing=false&appType=1&cat=8127&curr=rub&dest=-5817685&sort=popular&spp=30&priceU=8000000;8050000&page=1')---

2024-10-29 - 17:02:04 INFO: 
-----------1---False---https://catalog.wb.ru/catalog/pants/v2/catalog?ab_testing=false&appType=1&cat=8127&curr=rub&dest=-5817685&sort=popular&spp=30&priceU=8000000;8050000&page=1-------

2024-10-29 - 17:02:04 INFO: 
-----    (<Response [200 OK]>, 'https://catalog.wb.ru/catalog/pants/v2/catalog?ab_testing=false&appType=1&cat=8127&curr=rub&dest=-5817685&sort=popular&spp=30&priceU=8050000;8100000&page=1')---

2024-10-29 - 17:02:04 INFO: 
-----------1---False---https://catalog.wb.ru/catalog/pants/v2/catalog?ab_testing=false&appType=1&cat=8127&curr=rub&dest=-5817685&sort=popular&spp=30&priceU=8050000;8100000&page=1-------

2024-10-29 - 17:02:04 INFO: 
-----    (<Response [200 OK]>, 'https://catalog.wb.ru/catalog/pants/v2/catalog?ab_testing=false&appType=1&cat=8127&curr=rub&dest=-5817685&sort=popular&spp=30&priceU=8100000;8150000&page=1')---

2024-10-29 - 17:02:04 INFO: 
-----------1---True---https://catalog.wb.ru/catalog/pants/v2/catalog?ab_testing=false&appType=1&cat=8127&curr=rub&dest=-5817685&sort=popular&spp=30&priceU=8100000;8150000&page=1-------

2024-10-29 - 17:02:04 INFO: 
-----    (<Response [200 OK]>, 'https://catalog.wb.ru/catalog/pants/v2/catalog?ab_testing=false&appType=1&cat=8127&curr=rub&dest=-5817685&sort=popular&spp=30&priceU=8150000;8200000&page=1')---

2024-10-29 - 17:02:04 INFO: 
-----------1---False---https://catalog.wb.ru/catalog/pants/v2/catalog?ab_testing=false&appType=1&cat=8127&curr=rub&dest=-5817685&sort=popular&spp=30&priceU=8150000;8200000&page=1-------

2024-10-29 - 17:02:04 INFO: 
-----    (<Response [200 OK]>, 'https://catalog.wb.ru/catalog/pants/v2/catalog?ab_testing=false&appType=1&cat=8127&curr=rub&dest=-5817685&sort=popular&spp=30&priceU=8200000;8250000&page=1')---

2024-10-29 - 17:02:04 INFO: 
-----------1---False---https://catalog.wb.ru/catalog/pants/v2/catalog?ab_testing=false&appType=1&cat=8127&curr=rub&dest=-5817685&sort=popular&spp=30&priceU=8200000;8250000&page=1-------

2024-10-29 - 17:02:04 INFO: 
-----    (<Response [200 OK]>, 'https://catalog.wb.ru/catalog/pants/v2/catalog?ab_testing=false&appType=1&cat=8127&curr=rub&dest=-5817685&sort=popular&spp=30&priceU=8250000;8300000&page=1')---

2024-10-29 - 17:02:04 INFO: 
-----------1---False---https://catalog.wb.ru/catalog/pants/v2/catalog?ab_testing=false&appType=1&cat=8127&curr=rub&dest=-5817685&sort=popular&spp=30&priceU=8250000;8300000&page=1-------

2024-10-29 - 17:02:04 INFO: 
-----    (<Response [200 OK]>, 'https://catalog.wb.ru/catalog/pants/v2/catalog?ab_testing=false&appType=1&cat=8127&curr=rub&dest=-5817685&sort=popular&spp=30&priceU=8300000;8350000&page=1')---

2024-10-29 - 17:02:04 INFO: 
-----------1---False---https://catalog.wb.ru/catalog/pants/v2/catalog?ab_testing=false&appType=1&cat=8127&curr=rub&dest=-5817685&sort=popular&spp=30&priceU=8300000;8350000&page=1-------

2024-10-29 - 17:02:04 INFO: 
-----    (<Response [200 OK]>, 'https://catalog.wb.ru/catalog/pants/v2/catalog?ab_testing=false&appType=1&cat=8127&curr=rub&dest=-5817685&sort=popular&spp=30&priceU=8350000;8400000&page=1')---

2024-10-29 - 17:02:04 INFO: 
-----------1---False---https://catalog.wb.ru/catalog/pants/v2/catalog?ab_testing=false&appType=1&cat=8127&curr=rub&dest=-5817685&sort=popular&spp=30&priceU=8350000;8400000&page=1-------

2024-10-29 - 17:02:04 INFO: 
-----    (<Response [200 OK]>, 'https://catalog.wb.ru/catalog/pants/v2/catalog?ab_testing=false&appType=1&cat=8127&curr=rub&dest=-5817685&sort=popular&spp=30&priceU=8400000;8450000&page=1')---

2024-10-29 - 17:02:04 INFO: 
-----------1---False---https://catalog.wb.ru/catalog/pants/v2/catalog?ab_testing=false&appType=1&cat=8127&curr=rub&dest=-5817685&sort=popular&spp=30&priceU=8400000;8450000&page=1-------

2024-10-29 - 17:02:04 INFO: 
-----    (<Response [200 OK]>, 'https://catalog.wb.ru/catalog/pants/v2/catalog?ab_testing=false&appType=1&cat=8127&curr=rub&dest=-5817685&sort=popular&spp=30&priceU=8450000;8500000&page=1')---

2024-10-29 - 17:02:04 INFO: 
-----------1---False---https://catalog.wb.ru/catalog/pants/v2/catalog?ab_testing=false&appType=1&cat=8127&curr=rub&dest=-5817685&sort=popular&spp=30&priceU=8450000;8500000&page=1-------

2024-10-29 - 17:02:04 INFO: 
-----    (<Response [200 OK]>, 'https://catalog.wb.ru/catalog/pants/v2/catalog?ab_testing=false&appType=1&cat=8127&curr=rub&dest=-5817685&sort=popular&spp=30&priceU=8500000;8550000&page=1')---

2024-10-29 - 17:02:04 INFO: 
-----------1---False---https://catalog.wb.ru/catalog/pants/v2/catalog?ab_testing=false&appType=1&cat=8127&curr=rub&dest=-5817685&sort=popular&spp=30&priceU=8500000;8550000&page=1-------

2024-10-29 - 17:02:04 INFO: 
-----    (<Response [200 OK]>, 'https://catalog.wb.ru/catalog/pants/v2/catalog?ab_testing=false&appType=1&cat=8127&curr=rub&dest=-5817685&sort=popular&spp=30&priceU=8550000;8600000&page=1')---

2024-10-29 - 17:02:04 INFO: 
-----------1---True---https://catalog.wb.ru/catalog/pants/v2/catalog?ab_testing=false&appType=1&cat=8127&curr=rub&dest=-5817685&sort=popular&spp=30&priceU=8550000;8600000&page=1-------

2024-10-29 - 17:02:04 INFO: 
-----    (<Response [200 OK]>, 'https://catalog.wb.ru/catalog/pants/v2/catalog?ab_testing=false&appType=1&cat=8127&curr=rub&dest=-5817685&sort=popular&spp=30&priceU=8600000;8650000&page=1')---

2024-10-29 - 17:02:04 INFO: 
-----------1---False---https://catalog.wb.ru/catalog/pants/v2/catalog?ab_testing=false&appType=1&cat=8127&curr=rub&dest=-5817685&sort=popular&spp=30&priceU=8600000;8650000&page=1-------

2024-10-29 - 17:02:04 INFO: 
-----    (<Response [200 OK]>, 'https://catalog.wb.ru/catalog/pants/v2/catalog?ab_testing=false&appType=1&cat=8127&curr=rub&dest=-5817685&sort=popular&spp=30&priceU=8650000;8700000&page=1')---

2024-10-29 - 17:02:04 INFO: 
-----------1---False---https://catalog.wb.ru/catalog/pants/v2/catalog?ab_testing=false&appType=1&cat=8127&curr=rub&dest=-5817685&sort=popular&spp=30&priceU=8650000;8700000&page=1-------

2024-10-29 - 17:02:04 INFO: 
-----    (<Response [200 OK]>, 'https://catalog.wb.ru/catalog/pants/v2/catalog?ab_testing=false&appType=1&cat=8127&curr=rub&dest=-5817685&sort=popular&spp=30&priceU=8700000;8750000&page=1')---

2024-10-29 - 17:02:04 INFO: 
-----------1---False---https://catalog.wb.ru/catalog/pants/v2/catalog?ab_testing=false&appType=1&cat=8127&curr=rub&dest=-5817685&sort=popular&spp=30&priceU=8700000;8750000&page=1-------

2024-10-29 - 17:02:04 INFO: 
-----    (<Response [200 OK]>, 'https://catalog.wb.ru/catalog/pants/v2/catalog?ab_testing=false&appType=1&cat=8127&curr=rub&dest=-5817685&sort=popular&spp=30&priceU=8750000;8800000&page=1')---

2024-10-29 - 17:02:04 INFO: 
-----------1---False---https://catalog.wb.ru/catalog/pants/v2/catalog?ab_testing=false&appType=1&cat=8127&curr=rub&dest=-5817685&sort=popular&spp=30&priceU=8750000;8800000&page=1-------

2024-10-29 - 17:02:04 INFO: 
-----    (<Response [200 OK]>, 'https://catalog.wb.ru/catalog/pants/v2/catalog?ab_testing=false&appType=1&cat=8127&curr=rub&dest=-5817685&sort=popular&spp=30&priceU=8800000;8850000&page=1')---

2024-10-29 - 17:02:04 INFO: 
-----------1---True---https://catalog.wb.ru/catalog/pants/v2/catalog?ab_testing=false&appType=1&cat=8127&curr=rub&dest=-5817685&sort=popular&spp=30&priceU=8800000;8850000&page=1-------

2024-10-29 - 17:02:04 INFO: 
-----    (<Response [200 OK]>, 'https://catalog.wb.ru/catalog/pants/v2/catalog?ab_testing=false&appType=1&cat=8127&curr=rub&dest=-5817685&sort=popular&spp=30&priceU=8850000;8900000&page=1')---

2024-10-29 - 17:02:04 INFO: 
-----------1---False---https://catalog.wb.ru/catalog/pants/v2/catalog?ab_testing=false&appType=1&cat=8127&curr=rub&dest=-5817685&sort=popular&spp=30&priceU=8850000;8900000&page=1-------

2024-10-29 - 17:02:04 INFO: 
-----    (<Response [200 OK]>, 'https://catalog.wb.ru/catalog/pants/v2/catalog?ab_testing=false&appType=1&cat=8127&curr=rub&dest=-5817685&sort=popular&spp=30&priceU=8900000;8950000&page=1')---

2024-10-29 - 17:02:04 INFO: 
-----------1---False---https://catalog.wb.ru/catalog/pants/v2/catalog?ab_testing=false&appType=1&cat=8127&curr=rub&dest=-5817685&sort=popular&spp=30&priceU=8900000;8950000&page=1-------

2024-10-29 - 17:02:04 INFO: 
-----    (<Response [200 OK]>, 'https://catalog.wb.ru/catalog/pants/v2/catalog?ab_testing=false&appType=1&cat=8127&curr=rub&dest=-5817685&sort=popular&spp=30&priceU=8950000;9000000&page=1')---

2024-10-29 - 17:02:04 INFO: 
-----------1---True---https://catalog.wb.ru/catalog/pants/v2/catalog?ab_testing=false&appType=1&cat=8127&curr=rub&dest=-5817685&sort=popular&spp=30&priceU=8950000;9000000&page=1-------

2024-10-29 - 17:02:04 INFO: 
-----    (<Response [200 OK]>, 'https://catalog.wb.ru/catalog/pants/v2/catalog?ab_testing=false&appType=1&cat=8127&curr=rub&dest=-5817685&sort=popular&spp=30&priceU=9000000;9050000&page=1')---

2024-10-29 - 17:02:04 INFO: 
-----------1---True---https://catalog.wb.ru/catalog/pants/v2/catalog?ab_testing=false&appType=1&cat=8127&curr=rub&dest=-5817685&sort=popular&spp=30&priceU=9000000;9050000&page=1-------

2024-10-29 - 17:02:04 INFO: 
-----    (<Response [200 OK]>, 'https://catalog.wb.ru/catalog/pants/v2/catalog?ab_testing=false&appType=1&cat=8127&curr=rub&dest=-5817685&sort=popular&spp=30&priceU=9050000;9100000&page=1')---

2024-10-29 - 17:02:04 INFO: 
-----------1---False---https://catalog.wb.ru/catalog/pants/v2/catalog?ab_testing=false&appType=1&cat=8127&curr=rub&dest=-5817685&sort=popular&spp=30&priceU=9050000;9100000&page=1-------

2024-10-29 - 17:02:04 INFO: 
-----    (<Response [200 OK]>, 'https://catalog.wb.ru/catalog/pants/v2/catalog?ab_testing=false&appType=1&cat=8127&curr=rub&dest=-5817685&sort=popular&spp=30&priceU=9100000;9150000&page=1')---

2024-10-29 - 17:02:04 INFO: 
-----------1---False---https://catalog.wb.ru/catalog/pants/v2/catalog?ab_testing=false&appType=1&cat=8127&curr=rub&dest=-5817685&sort=popular&spp=30&priceU=9100000;9150000&page=1-------

2024-10-29 - 17:02:04 INFO: 
-----    (<Response [200 OK]>, 'https://catalog.wb.ru/catalog/pants/v2/catalog?ab_testing=false&appType=1&cat=8127&curr=rub&dest=-5817685&sort=popular&spp=30&priceU=9150000;9200000&page=1')---

2024-10-29 - 17:02:04 INFO: 
-----------1---True---https://catalog.wb.ru/catalog/pants/v2/catalog?ab_testing=false&appType=1&cat=8127&curr=rub&dest=-5817685&sort=popular&spp=30&priceU=9150000;9200000&page=1-------

2024-10-29 - 17:02:04 INFO: 
-----    (<Response [200 OK]>, 'https://catalog.wb.ru/catalog/pants/v2/catalog?ab_testing=false&appType=1&cat=8127&curr=rub&dest=-5817685&sort=popular&spp=30&priceU=9200000;9250000&page=1')---

2024-10-29 - 17:02:04 INFO: 
-----------1---False---https://catalog.wb.ru/catalog/pants/v2/catalog?ab_testing=false&appType=1&cat=8127&curr=rub&dest=-5817685&sort=popular&spp=30&priceU=9200000;9250000&page=1-------

2024-10-29 - 17:02:04 INFO: 
-----    (<Response [200 OK]>, 'https://catalog.wb.ru/catalog/pants/v2/catalog?ab_testing=false&appType=1&cat=8127&curr=rub&dest=-5817685&sort=popular&spp=30&priceU=9300000;9350000&page=1')---

2024-10-29 - 17:02:04 INFO: 
-----------1---False---https://catalog.wb.ru/catalog/pants/v2/catalog?ab_testing=false&appType=1&cat=8127&curr=rub&dest=-5817685&sort=popular&spp=30&priceU=9300000;9350000&page=1-------

2024-10-29 - 17:02:04 INFO: 
-----    (<Response [200 OK]>, 'https://catalog.wb.ru/catalog/pants/v2/catalog?ab_testing=false&appType=1&cat=8127&curr=rub&dest=-5817685&sort=popular&spp=30&priceU=9350000;9400000&page=1')---

2024-10-29 - 17:02:04 INFO: 
-----------1---False---https://catalog.wb.ru/catalog/pants/v2/catalog?ab_testing=false&appType=1&cat=8127&curr=rub&dest=-5817685&sort=popular&spp=30&priceU=9350000;9400000&page=1-------

2024-10-29 - 17:02:04 INFO: 
-----    (<Response [200 OK]>, 'https://catalog.wb.ru/catalog/pants/v2/catalog?ab_testing=false&appType=1&cat=8127&curr=rub&dest=-5817685&sort=popular&spp=30&priceU=9400000;9450000&page=1')---

2024-10-29 - 17:02:04 INFO: 
-----------1---False---https://catalog.wb.ru/catalog/pants/v2/catalog?ab_testing=false&appType=1&cat=8127&curr=rub&dest=-5817685&sort=popular&spp=30&priceU=9400000;9450000&page=1-------

2024-10-29 - 17:02:04 INFO: 
-----    (<Response [200 OK]>, 'https://catalog.wb.ru/catalog/pants/v2/catalog?ab_testing=false&appType=1&cat=8127&curr=rub&dest=-5817685&sort=popular&spp=30&priceU=9450000;9500000&page=1')---

2024-10-29 - 17:02:04 INFO: 
-----------1---False---https://catalog.wb.ru/catalog/pants/v2/catalog?ab_testing=false&appType=1&cat=8127&curr=rub&dest=-5817685&sort=popular&spp=30&priceU=9450000;9500000&page=1-------

2024-10-29 - 17:02:04 INFO: 
-----    (<Response [200 OK]>, 'https://catalog.wb.ru/catalog/pants/v2/catalog?ab_testing=false&appType=1&cat=8127&curr=rub&dest=-5817685&sort=popular&spp=30&priceU=9500000;9550000&page=1')---

2024-10-29 - 17:02:04 INFO: 
-----------1---False---https://catalog.wb.ru/catalog/pants/v2/catalog?ab_testing=false&appType=1&cat=8127&curr=rub&dest=-5817685&sort=popular&spp=30&priceU=9500000;9550000&page=1-------

2024-10-29 - 17:02:04 INFO: 
-----    (<Response [200 OK]>, 'https://catalog.wb.ru/catalog/pants/v2/catalog?ab_testing=false&appType=1&cat=8127&curr=rub&dest=-5817685&sort=popular&spp=30&priceU=9550000;9600000&page=1')---

2024-10-29 - 17:02:04 INFO: 
-----------1---False---https://catalog.wb.ru/catalog/pants/v2/catalog?ab_testing=false&appType=1&cat=8127&curr=rub&dest=-5817685&sort=popular&spp=30&priceU=9550000;9600000&page=1-------

2024-10-29 - 17:02:04 INFO: 
-----    (<Response [200 OK]>, 'https://catalog.wb.ru/catalog/pants/v2/catalog?ab_testing=false&appType=1&cat=8127&curr=rub&dest=-5817685&sort=popular&spp=30&priceU=9600000;9650000&page=1')---

2024-10-29 - 17:02:04 INFO: 
-----------1---False---https://catalog.wb.ru/catalog/pants/v2/catalog?ab_testing=false&appType=1&cat=8127&curr=rub&dest=-5817685&sort=popular&spp=30&priceU=9600000;9650000&page=1-------

2024-10-29 - 17:02:04 INFO: 
-----    (<Response [200 OK]>, 'https://catalog.wb.ru/catalog/pants/v2/catalog?ab_testing=false&appType=1&cat=8127&curr=rub&dest=-5817685&sort=popular&spp=30&priceU=9650000;9700000&page=1')---

2024-10-29 - 17:02:04 INFO: 
-----------1---False---https://catalog.wb.ru/catalog/pants/v2/catalog?ab_testing=false&appType=1&cat=8127&curr=rub&dest=-5817685&sort=popular&spp=30&priceU=9650000;9700000&page=1-------

2024-10-29 - 17:02:04 INFO: 
-----    (<Response [200 OK]>, 'https://catalog.wb.ru/catalog/pants/v2/catalog?ab_testing=false&appType=1&cat=8127&curr=rub&dest=-5817685&sort=popular&spp=30&priceU=9700000;9750000&page=1')---

2024-10-29 - 17:02:04 INFO: 
-----------1---False---https://catalog.wb.ru/catalog/pants/v2/catalog?ab_testing=false&appType=1&cat=8127&curr=rub&dest=-5817685&sort=popular&spp=30&priceU=9700000;9750000&page=1-------

2024-10-29 - 17:02:04 INFO: 
-----    (<Response [200 OK]>, 'https://catalog.wb.ru/catalog/pants/v2/catalog?ab_testing=false&appType=1&cat=8127&curr=rub&dest=-5817685&sort=popular&spp=30&priceU=9750000;9800000&page=1')---

2024-10-29 - 17:02:04 INFO: 
-----------1---False---https://catalog.wb.ru/catalog/pants/v2/catalog?ab_testing=false&appType=1&cat=8127&curr=rub&dest=-5817685&sort=popular&spp=30&priceU=9750000;9800000&page=1-------

2024-10-29 - 17:02:04 INFO: 
-----    (<Response [200 OK]>, 'https://catalog.wb.ru/catalog/pants/v2/catalog?ab_testing=false&appType=1&cat=8127&curr=rub&dest=-5817685&sort=popular&spp=30&priceU=9800000;9850000&page=1')---

2024-10-29 - 17:02:04 INFO: 
-----------1---False---https://catalog.wb.ru/catalog/pants/v2/catalog?ab_testing=false&appType=1&cat=8127&curr=rub&dest=-5817685&sort=popular&spp=30&priceU=9800000;9850000&page=1-------

2024-10-29 - 17:02:04 INFO: 
-----    (<Response [200 OK]>, 'https://catalog.wb.ru/catalog/pants/v2/catalog?ab_testing=false&appType=1&cat=8127&curr=rub&dest=-5817685&sort=popular&spp=30&priceU=9850000;9900000&page=1')---

2024-10-29 - 17:02:04 INFO: 
-----------1---False---https://catalog.wb.ru/catalog/pants/v2/catalog?ab_testing=false&appType=1&cat=8127&curr=rub&dest=-5817685&sort=popular&spp=30&priceU=9850000;9900000&page=1-------

2024-10-29 - 17:02:04 INFO: 
-----    (<Response [200 OK]>, 'https://catalog.wb.ru/catalog/pants/v2/catalog?ab_testing=false&appType=1&cat=8127&curr=rub&dest=-5817685&sort=popular&spp=30&priceU=9900000;9950000&page=1')---

2024-10-29 - 17:02:04 INFO: 
-----------1---False---https://catalog.wb.ru/catalog/pants/v2/catalog?ab_testing=false&appType=1&cat=8127&curr=rub&dest=-5817685&sort=popular&spp=30&priceU=9900000;9950000&page=1-------

2024-10-29 - 17:02:04 INFO: 
-----    (<Response [200 OK]>, 'https://catalog.wb.ru/catalog/pants/v2/catalog?ab_testing=false&appType=1&cat=8127&curr=rub&dest=-5817685&sort=popular&spp=30&priceU=9250000;9300000&page=1')---

2024-10-29 - 17:02:04 INFO: 
-----------1---False---https://catalog.wb.ru/catalog/pants/v2/catalog?ab_testing=false&appType=1&cat=8127&curr=rub&dest=-5817685&sort=popular&spp=30&priceU=9250000;9300000&page=1-------

2024-10-29 - 17:02:04 INFO: 
-----    (<Response [200 OK]>, 'https://catalog.wb.ru/catalog/pants/v2/catalog?ab_testing=false&appType=1&cat=8127&curr=rub&dest=-5817685&sort=popular&spp=30&priceU=1750000;1800000&page=2')---

2024-10-29 - 17:02:04 INFO: 
-----------2---False---https://catalog.wb.ru/catalog/pants/v2/catalog?ab_testing=false&appType=1&cat=8127&curr=rub&dest=-5817685&sort=popular&spp=30&priceU=1750000;1800000&page=2-------

2024-10-29 - 17:02:04 INFO: 
-----    (<Response [200 OK]>, 'https://catalog.wb.ru/catalog/pants/v2/catalog?ab_testing=false&appType=1&cat=8127&curr=rub&dest=-5817685&sort=popular&spp=30&priceU=9950000;10000000&page=1')---

2024-10-29 - 17:02:04 INFO: 
-----------1---False---https://catalog.wb.ru/catalog/pants/v2/catalog?ab_testing=false&appType=1&cat=8127&curr=rub&dest=-5817685&sort=popular&spp=30&priceU=9950000;10000000&page=1-------

2024-10-29 - 17:02:04 INFO: 
-----    (<Response [200 OK]>, 'https://catalog.wb.ru/catalog/pants/v2/catalog?ab_testing=false&appType=1&cat=8127&curr=rub&dest=-5817685&sort=popular&spp=30&priceU=2200000;2250000&page=2')---

2024-10-29 - 17:02:04 INFO: 
-----------2---False---https://catalog.wb.ru/catalog/pants/v2/catalog?ab_testing=false&appType=1&cat=8127&curr=rub&dest=-5817685&sort=popular&spp=30&priceU=2200000;2250000&page=2-------

2024-10-29 - 17:02:04 INFO: 
-----    (<Response [200 OK]>, 'https://catalog.wb.ru/catalog/pants/v2/catalog?ab_testing=false&appType=1&cat=8127&curr=rub&dest=-5817685&sort=popular&spp=30&priceU=2250000;2300000&page=2')---

2024-10-29 - 17:02:04 INFO: 
-----------2---False---https://catalog.wb.ru/catalog/pants/v2/catalog?ab_testing=false&appType=1&cat=8127&curr=rub&dest=-5817685&sort=popular&spp=30&priceU=2250000;2300000&page=2-------

2024-10-29 - 17:02:04 INFO: 
-----    (<Response [200 OK]>, 'https://catalog.wb.ru/catalog/pants/v2/catalog?ab_testing=false&appType=1&cat=8127&curr=rub&dest=-5817685&sort=popular&spp=30&priceU=2450000;2500000&page=2')---

2024-10-29 - 17:02:04 INFO: 
-----------2---False---https://catalog.wb.ru/catalog/pants/v2/catalog?ab_testing=false&appType=1&cat=8127&curr=rub&dest=-5817685&sort=popular&spp=30&priceU=2450000;2500000&page=2-------

2024-10-29 - 17:02:04 INFO: 
-----    (<Response [200 OK]>, 'https://catalog.wb.ru/catalog/pants/v2/catalog?ab_testing=false&appType=1&cat=8127&curr=rub&dest=-5817685&sort=popular&spp=30&priceU=2700000;2750000&page=2')---

2024-10-29 - 17:02:04 INFO: 
-----------2---False---https://catalog.wb.ru/catalog/pants/v2/catalog?ab_testing=false&appType=1&cat=8127&curr=rub&dest=-5817685&sort=popular&spp=30&priceU=2700000;2750000&page=2-------

